Scenario - 
Logfile written - 11/22/2019 15:37:06

Subject	Trial	Event Type	Code	name(str)	Time	TTime	Uncertainty	Duration	Uncertainty	ReqTime	ReqDur	Stim Type	Pair Index

00GY3P	0	Pulse	255		20485192	20485192	0
00GY3P	1	Picture	welcome	welcome	20485233	0	1	167	1	0	next	other	0
00GY3P	2	Pulse	255		20505192	19792	0
00GY3P	2	Pulse	255		20525192	39792	0
00GY3P	2	Pulse	255		20545192	59792	0
00GY3P	2	Pulse	255		20565193	79792	0
00GY3P	2	Pulse	255		20585192	99792	0
00GY3P	3	Picture	face_ch_f.JPG	face_ch_f.JPG	20585600	0	13	30178	13	0	next	other	0
00GY3P	3	Pulse	255		20605192	19593	0
00GY3P	4	Picture	2133	2133	20615777	0	1	23841	1	0	next	other	0
00GY3P	4	Pulse	255		20625192	9415	0
00GY3P	5	Picture	spri_uhal_ki_pain.JPG	spri_uhal_ki_pain.JPG	20639619	0	1	35179	1	0	next	other	0
00GY3P	5	Pulse	255		20645192	5574	0
00GY3P	5	Pulse	255		20665192	25574	0
00GY3P	6	Picture	rating	rating	20674797	0	1	167	1	0	next	miss	0
00GY3P	6	Response	2		20684242	9445	0
00GY3P	6	Pulse	255		20685193	10396	0
00GY3P	6	Response	5		20690133	15335	0
00GY3P	7	Picture	1192	1192	20704807	0	1	12004	1	0	next	other	0
00GY3P	7	Pulse	255		20705192	385	0
00GY3P	8	Picture	3044	3044	20716811	0	1	32844	1	0	next	other	0
00GY3P	8	Pulse	255		20725192	8381	0
00GY3P	8	Pulse	255		20745193	28381	0
00GY3P	9	Picture	zang_nagl_ki_nopa.JPG	zang_nagl_ki_nopa.JPG	20749656	0	1	35179	1	0	next	other	0
00GY3P	9	Pulse	255		20765192	15537	0
00GY3P	10	Picture	2823	2823	20784834	0	1	30677	1	0	next	other	0
00GY3P	10	Pulse	255		20785192	358	0
00GY3P	10	Pulse	255		20805193	20358	0
00GY3P	11	Picture	heel_fuss_ki_nopa.JPG	heel_fuss_ki_nopa.JPG	20815511	0	1	35012	1	0	next	other	0
00GY3P	11	Pulse	255		20825193	9681	0
00GY3P	11	Pulse	255		20845193	29681	0
00GY3P	12	Picture	rating	rating	20850523	0	1	167	1	0	next	miss	0
00GY3P	12	Pulse	255		20865192	14669	0
00GY3P	12	Response	1		20872693	22170	0
00GY3P	12	Response	4		20874913	24389	0
00GY3P	13	Picture	1192	1192	20880700	0	1	12004	1	0	next	other	0
00GY3P	13	Pulse	255		20885193	4493	0
00GY3P	14	Picture	2116	2116	20892704	0	1	23675	1	0	next	other	0
00GY3P	14	Pulse	255		20905193	12489	0
00GY3P	15	Picture	spri_wund_ki_pain.JPG	spri_wund_ki_pain.JPG	20916379	0	1	35179	1	0	next	other	0
00GY3P	15	Pulse	255		20925193	8814	0
00GY3P	15	Pulse	255		20945193	28814	0
00GY3P	16	Picture	4904	4904	20951557	0	1	49517	1	0	next	other	0
00GY3P	16	Pulse	255		20965193	13636	0
00GY3P	16	Pulse	255		20985193	33636	0
00GY3P	17	Picture	face_ch_m.JPG	face_ch_m.JPG	21001074	0	1	30177	1	0	next	other	0
00GY3P	17	Pulse	255		21005192	4119	0
00GY3P	17	Pulse	255		21025193	24119	0
00GY3P	18	Picture	1999	1999	21031251	0	1	22341	1	0	next	other	0
00GY3P	18	Pulse	255		21045193	13942	0
00GY3P	19	Picture	spri_ohrl_ki_nopa.JPG	spri_ohrl_ki_nopa.JPG	21053591	0	1	35179	1	0	next	other	0
00GY3P	19	Pulse	255		21065192	11601	0
00GY3P	19	Pulse	255		21085193	31601	0
00GY3P	20	Picture	2466	2466	21088770	0	1	27343	1	0	next	other	0
00GY3P	20	Pulse	255		21105192	16423	0
00GY3P	21	Picture	spri_uzah_ki_pain.JPG	spri_uzah_ki_pain.JPG	21116113	0	1	35179	1	0	next	other	0
00GY3P	21	Pulse	255		21125193	9080	0
00GY3P	21	Pulse	255		21145193	29080	0
00GY3P	22	Picture	2197	2197	21151291	0	1	24506	13	0	next	other	0
00GY3P	22	Pulse	255		21165193	13902	0
00GY3P	23	Picture	zang_brust_ki_nopa.JPG	zang_brust_ki_nopa.JPG	21175797	0	13	35014	13	0	next	other	0
00GY3P	23	Pulse	255		21185193	9396	0
00GY3P	23	Pulse	255		21205193	29396	0
00GY3P	24	Picture	rating	rating	21210811	0	1	167	1	0	next	miss	0
00GY3P	24	Response	1		21222863	12052	0
00GY3P	24	Response	4		21224193	13382	0
00GY3P	24	Pulse	255		21225193	14382	0
00GY3P	24	Response	1		21228213	17402	0
00GY3P	24	Response	4		21229933	19122	0
00GY3P	25	Picture	1601	1601	21240988	0	1	16172	1	0	next	other	0
00GY3P	25	Pulse	255		21245193	4205	0
00GY3P	26	Picture	2636	2636	21257160	0	1	29010	1	0	next	other	0
00GY3P	26	Pulse	255		21265193	8033	0
00GY3P	26	Pulse	255		21283524	26364	1669
00GY3P	27	Picture	sage_hand_ki_pain.JPG	sage_hand_ki_pain.JPG	21286170	0	1	35179	1	0	next	other	0
00GY3P	27	Pulse	255		21305193	19023	0
00GY3P	28	Picture	rating	rating	21321348	0	1	167	1	0	next	miss	0
00GY3P	28	Pulse	255		21325193	3844	0
00GY3P	28	Response	2		21341323	19974	0
00GY3P	28	Response	5		21343613	22264	0
00GY3P	28	Pulse	255		21345193	23844	0
00GY3P	29	Picture	1601	1601	21351358	0	1	16172	1	0	next	other	0
00GY3P	29	Pulse	255		21365193	13834	0
00GY3P	30	Picture	4310	4310	21367531	0	1	43515	1	0	next	other	0
00GY3P	30	Pulse	255		21385193	17662	0
00GY3P	30	Pulse	255		21405193	37662	0
00GY3P	31	Picture	face_ad_f.JPG	face_ad_f.JPG	21411045	0	1	30177	1	0	next	other	0
00GY3P	31	Pulse	255		21425193	14148	0
00GY3P	32	Picture	2212	2212	21441222	0	1	24675	1	0	next	other	0
00GY3P	32	Pulse	255		21445193	3971	0
00GY3P	32	Pulse	255		21463346	22124	1848
00GY3P	33	Picture	spri_marm_er_nopa.JPG	spri_marm_er_nopa.JPG	21465897	0	1	35179	1	0	next	other	0
00GY3P	33	Pulse	255		21485193	19296	0
00GY3P	34	Picture	2003	2003	21501076	0	1	22841	1	0	next	other	0
00GY3P	34	Pulse	255		21505193	4117	0
00GY3P	35	Picture	zang_fing_er_nopa.JPG	zang_fing_er_nopa.JPG	21523917	0	1	35179	1	0	next	other	0
00GY3P	35	Pulse	255		21525193	1276	0
00GY3P	35	Pulse	255		21545193	21276	0
00GY3P	36	Picture	rating	rating	21559095	0	1	167	1	0	next	miss	0
00GY3P	36	Pulse	255		21565193	6098	0
00GY3P	36	Response	1		21567723	8628	0
00GY3P	36	Response	4		21569443	10348	0
00GY3P	36	Response	1		21571563	12468	0
00GY3P	36	Response	4		21573103	14008	0
00GY3P	36	Response	1		21574493	15398	0
00GY3P	36	Response	4		21575983	16888	0
00GY3P	36	Response	1		21577283	18188	0
00GY3P	36	Response	4		21578971	19876	0
00GY3P	36	Response	1		21579973	20878	0
00GY3P	36	Response	4		21581713	22618	0
00GY3P	36	Response	1		21582823	23728	0
00GY3P	36	Pulse	255		21585184	26089	0
00GY3P	36	Response	4		21588693	29598	0
00GY3P	37	Picture	1352	1352	21589105	0	1	13671	1	0	next	other	0
00GY3P	38	Picture	3048	3048	21602776	0	1	33178	1	0	next	other	0
00GY3P	38	Pulse	255		21605192	2416	0
00GY3P	38	Pulse	255		21625183	22407	0
00GY3P	39	Picture	spri_hals_er_pain.JPG	spri_hals_er_pain.JPG	21635954	0	1	35179	1	0	next	other	0
00GY3P	39	Pulse	255		21645193	9238	0
00GY3P	39	Pulse	255		21665183	29229	0
00GY3P	40	Picture	2534	2534	21671133	0	1	27843	1	0	next	other	0
00GY3P	40	Pulse	255		21685183	14050	0
00GY3P	41	Picture	heel_hand_er_pain.JPG	heel_hand_er_pain.JPG	21698976	0	1	35179	1	0	next	other	0
00GY3P	41	Pulse	255		21705183	6207	0
00GY3P	41	Pulse	255		21725183	26208	0
00GY3P	42	Picture	rating	rating	21734154	0	1	167	1	0	next	miss	0
00GY3P	42	Response	2		21741903	7749	0
00GY3P	42	Response	5		21744903	10749	0
00GY3P	42	Pulse	255		21745183	11029	0
00GY3P	42	Response	2		21748043	13889	0
00GY3P	42	Response	5		21751873	17719	0
00GY3P	42	Response	2		21754493	20339	0
00GY3P	42	Response	5		21758883	24729	0
00GY3P	43	Picture	1352	1352	21764164	0	1	13671	1	0	next	other	0
00GY3P	43	Pulse	255		21765183	1019	0
00GY3P	44	Picture	4993	4993	21777835	0	1	50350	1	0	next	other	0
00GY3P	44	Pulse	255		21785183	7348	0
00GY3P	44	Pulse	255		21805183	27348	0
00GY3P	44	Pulse	255		21825183	47348	0
00GY3P	45	Picture	face_ch_m.JPG	face_ch_m.JPG	21828186	0	1	30177	1	0	next	other	0
00GY3P	45	Pulse	255		21845183	16997	0
00GY3P	46	Picture	3895	3895	21858363	0	1	41514	1	0	next	other	0
00GY3P	46	Pulse	255		21865183	6821	0
00GY3P	46	Pulse	255		21885183	26821	0
00GY3P	47	Picture	hamm_fing_ki_pain.JPG	hamm_fing_ki_pain.JPG	21899877	0	1	35012	1	0	next	other	0
00GY3P	47	Pulse	255		21905183	5306	0
00GY3P	47	Pulse	255		21925183	25307	0
00GY3P	48	Picture	2323	2323	21934888	0	1	26009	1	0	next	other	0
00GY3P	48	Pulse	255		21945183	10295	0
00GY3P	49	Picture	zwic_brust_ki_nopa.JPG	zwic_brust_ki_nopa.JPG	21960897	0	1	35179	1	0	next	other	0
00GY3P	49	Pulse	255		21965183	4286	0
00GY3P	49	Pulse	255		21985183	24286	0
00GY3P	50	Picture	rating	rating	21996076	0	1	167	1	0	next	miss	0
00GY3P	50	Response	1		22003443	7368	0
00GY3P	50	Pulse	255		22005184	9108	0
00GY3P	50	Response	4		22012483	16407	0
00GY3P	50	Pulse	255		22025183	29107	0
00GY3P	51	Picture	1143	1143	22026086	0	1	11504	1	0	next	other	0
00GY3P	52	Picture	1999	1999	22037590	0	1	22508	1	0	next	other	0
00GY3P	52	Pulse	255		22045183	7594	0
00GY3P	53	Picture	spri_bauc_ki_nopa.JPG	spri_bauc_ki_nopa.JPG	22060097	0	1	35179	1	0	next	other	0
00GY3P	53	Pulse	255		22065183	5086	0
00GY3P	53	Pulse	255		22085183	25086	0
00GY3P	54	Picture	1998	1998	22095276	0	1	22341	1	0	next	other	0
00GY3P	54	Pulse	255		22105183	9907	0
00GY3P	55	Picture	lego_fuss_ki_pain.JPG	lego_fuss_ki_pain.JPG	22117617	0	1	35179	1	0	next	other	0
00GY3P	55	Pulse	255		22125183	7566	0
00GY3P	55	Pulse	255		22145183	27566	0
00GY3P	56	Picture	rating	rating	22152795	0	1	167	1	0	next	miss	0
00GY3P	56	Response	1		22159213	6418	0
00GY3P	56	Pulse	255		22165184	12389	0
00GY3P	56	Response	4		22165384	12589	0
00GY3P	57	Picture	1143	1143	22182805	0	1	11504	1	0	next	other	0
00GY3P	57	Pulse	255		22185183	2378	0
00GY3P	58	Picture	4014	4014	22194309	0	1	40514	1	0	next	other	0
00GY3P	58	Pulse	255		22205183	10874	0
00GY3P	58	Pulse	255		22225183	30874	0
00GY3P	59	Picture	face_ad_m.JPG	face_ad_m.JPG	22234823	0	1	30177	1	0	next	other	0
00GY3P	59	Pulse	255		22245183	10361	0
00GY3P	60	Picture	1998	1998	22264999	0	1	22326	22	0	next	other	0
00GY3P	60	Pulse	255		22265183	183	0
00GY3P	60	Pulse	255		22284983	19984	204
00GY3P	61	Picture	reis_hand_er_pain.JPG	reis_hand_er_pain.JPG	22287325	0	22	35027	22	0	next	other	0
00GY3P	61	Pulse	255		22305183	17858	0
00GY3P	62	Picture	4230	4230	22322352	0	1	44848	1	0	next	other	0
00GY3P	62	Pulse	255		22325183	2831	0
00GY3P	62	Pulse	255		22345183	22831	0
00GY3P	62	Pulse	255		22364656	42304	529
00GY3P	63	Picture	trit_bein_er_nopa.JPG	trit_bein_er_nopa.JPG	22367201	0	1	35179	1	0	next	other	0
00GY3P	63	Pulse	255		22385183	17982	0
00GY3P	64	Picture	2080	2080	22402379	0	1	23341	1	0	next	other	0
00GY3P	64	Pulse	255		22405183	2804	0
00GY3P	64	Pulse	255		22423183	20804	2001
00GY3P	65	Picture	spri_oarm_er_nopa.JPG	spri_oarm_er_nopa.JPG	22425720	0	1	35179	1	0	next	other	0
00GY3P	65	Pulse	255		22445183	19463	0
00GY3P	66	Picture	rating	rating	22460899	0	1	167	1	0	next	miss	0
00GY3P	66	Pulse	255		22465183	4284	0
00GY3P	66	Response	1		22468943	8045	0
00GY3P	66	Response	4		22477513	16614	0
00GY3P	66	Pulse	255		22485183	24285	0
00GY3P	67	Picture	1077	1077	22490909	0	1	10837	1	0	next	other	0
00GY3P	68	Picture	2038	2038	22501746	0	1	23008	1	0	next	other	0
00GY3P	68	Pulse	255		22505183	3437	0
00GY3P	69	Picture	spri_ozah_er_pain.JPG	spri_ozah_er_pain.JPG	22524754	0	1	35179	1	0	next	other	0
00GY3P	69	Pulse	255		22525183	429	0
00GY3P	69	Pulse	255		22545183	20429	0
00GY3P	70	Picture	rating	rating	22559932	0	1	167	1	0	next	miss	0
00GY3P	70	Pulse	255		22565184	5251	0
00GY3P	70	Response	2		22566563	6631	0
00GY3P	70	Response	5		22571135	11203	0
00GY3P	70	Pulse	255		22585183	25251	0
00GY3P	71	Picture	1077	1077	22589942	0	1	10837	1	0	next	other	0
00GY3P	72	Picture	4653	4653	22600779	0	1	47016	1	0	next	other	0
00GY3P	72	Pulse	255		22605183	4404	0
00GY3P	72	Pulse	255		22625183	24404	0
00GY3P	72	Pulse	255		22645183	44404	0
00GY3P	73	Picture	face_ch_f.JPG	face_ch_f.JPG	22647795	0	1	30177	1	0	next	other	0
00GY3P	73	Pulse	255		22665183	17388	0
00GY3P	74	Picture	2121	2121	22677972	0	1	23841	1	0	next	other	0
00GY3P	74	Pulse	255		22685183	7211	0
00GY3P	75	Picture	spri_daum_ki_nopa.JPG	spri_daum_ki_nopa.JPG	22701813	0	1	35179	1	0	next	other	0
00GY3P	75	Pulse	255		22705183	3370	0
00GY3P	75	Pulse	255		22725183	23370	0
00GY3P	76	Picture	2875	2875	22736992	0	1	31344	1	0	next	other	0
00GY3P	76	Pulse	255		22745183	8191	0
00GY3P	76	Pulse	255		22765183	28191	0
00GY3P	77	Picture	heat_hand_ki_pain.JPG	heat_hand_ki_pain.JPG	22768336	0	1	35179	1	0	next	other	0
00GY3P	77	Pulse	255		22785184	16848	0
00GY3P	78	Picture	2096	2096	22803514	0	1	23675	1	0	next	other	0
00GY3P	78	Pulse	255		22805183	1669	0
00GY3P	78	Pulse	255		22824478	20964	707
00GY3P	79	Picture	spri_zfin_ki_pain.JPG	spri_zfin_ki_pain.JPG	22827189	0	1	35179	1	0	next	other	0
00GY3P	79	Pulse	255		22845183	17994	0
00GY3P	80	Picture	rating	rating	22862367	0	1	167	1	0	next	miss	0
00GY3P	80	Pulse	255		22865183	2816	0
00GY3P	80	Response	2		22871324	8956	0
00GY3P	80	Response	5		22877863	15496	0
00GY3P	80	Pulse	255		22885184	22816	0
00GY3P	81	Picture	1557	1557	22892378	0	1	15672	1	0	next	other	0
00GY3P	81	Pulse	255		22905184	12806	0
00GY3P	82	Picture	2295	2295	22908049	0	1	25008	1	0	next	other	0
00GY3P	82	Pulse	255		22925184	17134	0
00GY3P	83	Picture	klem_hand_ki_nopa.jpg	klem_hand_ki_nopa.jpg	22933058	0	1	35179	1	0	next	other	0
00GY3P	83	Pulse	255		22945184	12126	0
00GY3P	83	Pulse	255		22965184	32126	0
00GY3P	84	Picture	rating	rating	22968236	0	1	167	1	0	next	miss	0
00GY3P	84	Response	1		22976274	8037	0
00GY3P	84	Pulse	255		22985184	16948	0
00GY3P	84	Response	4		22986363	18127	0
00GY3P	85	Picture	1557	1557	22998246	0	1	15672	1	0	next	other	0
00GY3P	85	Pulse	255		23005183	6937	0
00GY3P	86	Picture	6911	6911	23013918	0	1	69523	1	0	next	other	0
00GY3P	86	Pulse	255		23025184	11265	0
00GY3P	86	Pulse	255		23045184	31265	0
00GY3P	86	Pulse	255		23065183	51265	0
00GY3P	87	Picture	face_ad_m.JPG	face_ad_m.JPG	23083442	0	1	30177	1	0	next	other	0
00GY3P	87	Pulse	255		23085184	1742	0
00GY3P	87	Pulse	255		23105184	21742	0
00GY3P	88	Picture	2572	2572	23113619	0	1	28343	1	0	next	other	0
00GY3P	88	Pulse	255		23125184	11565	0
00GY3P	89	Picture	spri_ohrl_er_pain.JPG	spri_ohrl_er_pain.JPG	23141962	0	1	35179	1	0	next	other	0
00GY3P	89	Pulse	255		23145183	3222	0
00GY3P	89	Pulse	255		23165184	23222	0
00GY3P	90	Picture	3503	3503	23177140	0	1	37679	1	0	next	other	0
00GY3P	90	Pulse	255		23185184	8044	0
00GY3P	90	Pulse	255		23205184	28044	0
00GY3P	91	Picture	zang_brust_er_pain.JPG	zang_brust_er_pain.JPG	23214819	0	1	35179	1	0	next	other	0
00GY3P	91	Pulse	255		23225184	10364	0
00GY3P	91	Pulse	255		23245184	30364	0
00GY3P	92	Picture	rating	rating	23249998	0	1	167	1	0	next	miss	0
00GY3P	92	Response	2		23255644	5646	0
00GY3P	92	Pulse	255		23265185	15187	0
00GY3P	92	Response	5		23265953	15955	0
00GY3P	93	Picture	1128	1128	23280008	0	1	11337	1	0	next	other	0
00GY3P	93	Pulse	255		23285183	5175	0
00GY3P	94	Picture	2110	2110	23291345	0	1	23675	1	0	next	other	0
00GY3P	94	Pulse	255		23305184	13838	0
00GY3P	95	Picture	spri_uzah_er_nopa.JPG	spri_uzah_er_nopa.JPG	23315020	0	1	35179	1	0	next	other	0
00GY3P	95	Pulse	255		23325184	10164	0
00GY3P	95	Pulse	255		23345184	30164	0
00GY3P	96	Picture	rating	rating	23350198	0	1	167	1	0	next	miss	0
00GY3P	96	Response	1		23358664	8465	0
00GY3P	96	Pulse	255		23365184	14986	0
00GY3P	96	Response	4		23368153	17955	0
00GY3P	97	Picture	1128	1128	23380209	0	1	11337	1	0	next	other	0
00GY3P	97	Pulse	255		23385183	4975	0
00GY3P	98	Picture	2059	2059	23391546	0	1	23341	1	0	next	other	0
00GY3P	98	Pulse	255		23405184	13638	0
00GY3P	99	Picture	sage_hand_er_nopa.JPG	sage_hand_er_nopa.JPG	23414887	0	1	35179	1	0	next	other	0
00GY3P	99	Pulse	255		23425174	10287	0
00GY3P	99	Pulse	255		23445174	30287	0
00GY3P	100	Picture	4166	4166	23450065	0	1	42014	1	0	next	other	0
00GY3P	100	Pulse	255		23465174	15108	0
00GY3P	100	Pulse	255		23485174	35108	0
00GY3P	101	Picture	face_ad_f.JPG	face_ad_f.JPG	23492080	0	1	30177	1	0	next	other	0
00GY3P	101	Pulse	255		23505174	13094	0
00GY3P	102	Picture	2208	2208	23522256	0	1	24175	1	0	next	other	0
00GY3P	102	Pulse	255		23525174	2917	0
00GY3P	102	Pulse	255		23544340	22084	834
00GY3P	103	Picture	klem_hand_er_pain.jpg	klem_hand_er_pain.jpg	23546431	0	1	35178	1	0	next	other	0
00GY3P	103	Pulse	255		23565174	18743	0
00GY3P	104	Picture	rating	rating	23581610	0	1	167	1	0	next	miss	0
00GY3P	104	Pulse	255		23585174	3564	0
00GY3P	104	Response	2		23587146	5536	0
00GY3P	104	Response	5		23595944	14334	0
00GY3P	104	Pulse	255		23605174	23564	0
00GY3P	105	Picture	1255	1255	23611620	0	1	12671	1	0	next	other	0
00GY3P	106	Picture	2435	2435	23624291	0	1	26842	1	0	next	other	0
00GY3P	106	Pulse	255		23625174	883	0
00GY3P	106	Pulse	255		23645174	20883	0
00GY3P	107	Picture	spri_zfin_er_nopa.JPG	spri_zfin_er_nopa.JPG	23651133	0	1	35179	1	0	next	other	0
00GY3P	107	Pulse	255		23665174	14041	0
00GY3P	107	Pulse	255		23685174	34041	0
00GY3P	108	Picture	2349	2349	23686312	0	1	25675	1	0	next	other	0
00GY3P	108	Pulse	255		23705174	18862	0
00GY3P	109	Picture	spri_daum_er_pain.JPG	spri_daum_er_pain.JPG	23711987	0	1	35179	1	0	next	other	0
00GY3P	109	Pulse	255		23725174	13187	0
00GY3P	109	Pulse	255		23745174	33187	0
00GY3P	110	Picture	2998	2998	23747165	0	1	32511	1	0	next	other	0
00GY3P	110	Pulse	255		23765174	18009	0
00GY3P	111	Picture	heat_hand_er_nopa.JPG	heat_hand_er_nopa.JPG	23779676	0	1	35179	1	0	next	other	0
00GY3P	111	Pulse	255		23785174	5497	0
00GY3P	111	Pulse	255		23805174	25497	0
00GY3P	112	Picture	rating	rating	23814855	0	1	167	1	0	next	miss	0
00GY3P	112	Response	1		23822804	7949	0
00GY3P	112	Pulse	255		23825174	10320	0
00GY3P	112	Response	4		23832143	17288	0
00GY3P	113	Picture	1255	1255	23844865	0	1	12671	1	0	next	other	0
00GY3P	113	Pulse	255		23845174	308	0
00GY3P	114	Picture	4677	4677	23857536	0	1	47183	1	0	next	other	0
00GY3P	114	Pulse	255		23865174	7638	0
00GY3P	114	Pulse	255		23885174	27638	0
00GY3P	115	Picture	face_ad_m.JPG	face_ad_m.JPG	23904718	0	1	30177	1	0	next	other	0
00GY3P	115	Pulse	255		23905174	456	0
00GY3P	115	Pulse	255		23925174	20456	0
00GY3P	116	Picture	2305	2305	23934895	0	1	25675	1	0	next	other	0
00GY3P	116	Pulse	255		23945174	10279	0
00GY3P	117	Picture	zwic_brust_er_pain.JPG	zwic_brust_er_pain.JPG	23960571	0	1	35179	1	0	next	other	0
00GY3P	117	Pulse	255		23965174	4603	0
00GY3P	117	Pulse	255		23985174	24603	0
00GY3P	118	Picture	2404	2404	23995749	0	1	26676	1	0	next	other	0
00GY3P	118	Pulse	255		24005174	9425	0
00GY3P	119	Picture	hamm_fing_er_nopa.JPG	hamm_fing_er_nopa.JPG	24022425	0	1	35179	1	0	next	other	0
00GY3P	119	Pulse	255		24025174	2749	0
00GY3P	119	Pulse	255		24045174	22749	0
00GY3P	120	Picture	2671	2671	24057603	0	1	29176	1	0	next	other	0
00GY3P	120	Pulse	255		24065174	7571	0
00GY3P	120	Pulse	255		24084317	26714	857
00GY3P	121	Picture	spri_bauc_er_pain.JPG	spri_bauc_er_pain.JPG	24086780	0	1	35179	1	0	next	other	0
00GY3P	121	Pulse	255		24105174	18394	0
00GY3P	122	Picture	rating	rating	24121958	0	1	167	1	0	next	miss	0
00GY3P	122	Pulse	255		24125174	3216	0
00GY3P	122	Response	2		24130434	8476	0
00GY3P	122	Response	5		24132274	10316	0
00GY3P	122	Pulse	255		24145174	23216	0
00GY3P	123	Picture	1350	1350	24151968	0	1	13671	1	0	next	other	0
00GY3P	123	Pulse	255		24165174	13205	0
00GY3P	124	Picture	2421	2421	24165640	0	1	26676	1	0	next	other	0
00GY3P	124	Pulse	255		24185174	19534	0
00GY3P	125	Picture	lego_fuss_er_nopa.JPG	lego_fuss_er_nopa.JPG	24192315	0	1	35179	1	0	next	other	0
00GY3P	125	Pulse	255		24205174	12859	0
00GY3P	125	Pulse	255		24225174	32859	0
00GY3P	126	Picture	rating	rating	24227494	0	1	167	1	0	next	miss	0
00GY3P	126	Response	1		24235854	8360	0
00GY3P	126	Pulse	255		24245174	17681	0
00GY3P	126	Response	4		24245654	18160	0
00GY3P	127	Picture	1350	1350	24257504	0	1	13671	1	0	next	other	0
00GY3P	127	Pulse	255		24265174	7670	0
00GY3P	128	Picture	4891	4891	24271175	0	1	49350	1	0	next	other	0
00GY3P	128	Pulse	255		24285174	13999	0
00GY3P	128	Pulse	255		24305174	33999	0
00GY3P	129	Picture	face_ch_m.JPG	face_ch_m.JPG	24320525	0	1	30177	1	0	next	other	0
00GY3P	129	Pulse	255		24325174	4649	0
00GY3P	129	Pulse	255		24345174	24649	0
00GY3P	130	Picture	2100	2100	24350702	0	1	23508	1	0	next	other	0
00GY3P	130	Pulse	255		24365174	14472	0
00GY3P	131	Picture	spri_ozah_ki_nopa.JPG	spri_ozah_ki_nopa.JPG	24374210	0	1	35179	1	0	next	other	0
00GY3P	131	Pulse	255		24385174	10964	0
00GY3P	131	Pulse	255		24405174	30964	0
00GY3P	132	Picture	2119	2119	24409388	0	1	23841	1	0	next	other	0
00GY3P	132	Pulse	255		24425174	15786	0
00GY3P	133	Picture	trit_bein_ki_pain.JPG	trit_bein_ki_pain.JPG	24433230	0	1	35179	1	0	next	other	0
00GY3P	133	Pulse	255		24445174	11944	0
00GY3P	133	Pulse	255		24465174	31944	0
00GY3P	134	Picture	2484	2484	24468408	0	1	27343	1	0	next	other	0
00GY3P	134	Pulse	255		24485174	16766	0
00GY3P	135	Picture	spri_oarm_ki_pain.JPG	spri_oarm_ki_pain.JPG	24495751	0	1	35179	1	0	next	other	0
00GY3P	135	Pulse	255		24505174	9423	0
00GY3P	135	Pulse	255		24525174	29423	0
00GY3P	136	Picture	rating	rating	24530929	0	1	167	1	0	next	miss	0
00GY3P	136	Response	2		24541628	10699	0
00GY3P	136	Response	5		24543384	12455	0
00GY3P	136	Pulse	255		24545174	14245	0
00GY3P	136	Response	1		24546374	15445	0
00GY3P	136	Response	4		24549534	18605	0
00GY3P	136	Response	2		24556144	25215	0
00GY3P	136	Response	5		24557914	26985	0
00GY3P	136	Response	2		24558633	27704	0
00GY3P	136	Response	5		24560004	29075	0
00GY3P	136	Response	2		24560654	29725	0
00GY3P	137	Picture	1362	1362	24560940	0	1	13671	1	0	next	other	0
00GY3P	137	Response	5		24562034	1094	0
00GY3P	137	Response	2		24562784	1844	0
00GY3P	137	Response	5		24563574	2634	0
00GY3P	137	Pulse	255		24565174	4235	0
00GY3P	138	Picture	3074	3074	24574611	0	1	33345	1	0	next	other	0
00GY3P	138	Pulse	255		24585174	10563	0
00GY3P	138	Pulse	255		24605174	30563	0
00GY3P	139	Picture	reis_hand_ki_nopa.JPG	reis_hand_ki_nopa.JPG	24607955	0	1	35179	1	0	next	other	0
00GY3P	139	Pulse	255		24625174	17219	0
00GY3P	140	Picture	rating	rating	24643134	0	1	167	1	0	next	miss	0
00GY3P	140	Pulse	255		24645174	2040	0
00GY3P	140	Response	1		24652594	9460	0
00GY3P	140	Response	4		24662364	19230	0
00GY3P	140	Pulse	255		24665174	22040	0
00GY3P	141	Picture	1362	1362	24673144	0	1	13671	1	0	next	other	0
00GY3P	141	Pulse	255		24685174	12030	0
00GY3P	142	Picture	5601	5601	24686815	0	1	56352	1	0	next	other	0
00GY3P	142	Pulse	255		24705174	18359	0
00GY3P	142	Pulse	255		24725174	38359	0
00GY3P	143	Picture	face_ad_f.JPG	face_ad_f.JPG	24743168	0	1	30177	1	0	next	other	0
00GY3P	143	Pulse	255		24745174	2007	0
00GY3P	143	Pulse	255		24765174	22007	0
00GY3P	144	Picture	2015	2015	24773344	0	1	22674	1	0	next	other	0
00GY3P	144	Pulse	255		24785174	11830	0
00GY3P	145	Picture	zang_nagl_er_pain.JPG	zang_nagl_er_pain.JPG	24796019	0	1	35179	1	0	next	other	0
00GY3P	145	Pulse	255		24805174	9155	0
00GY3P	145	Pulse	255		24825174	29156	0
00GY3P	146	Picture	rating	rating	24831197	0	1	167	1	0	next	miss	0
00GY3P	146	Response	1		24842334	11137	0
00GY3P	146	Response	4		24843974	12777	0
00GY3P	146	Pulse	255		24845174	13977	0
00GY3P	146	Response	1		24846434	15237	0
00GY3P	146	Response	4		24848400	17203	0
00GY3P	146	Response	1		24850624	19427	0
00GY3P	146	Response	4		24852904	21707	0
00GY3P	146	Response	1		24854824	23627	0
00GY3P	146	Response	4		24856754	25557	0
00GY3P	147	Picture	1174	1174	24861207	0	1	11837	1	0	next	other	0
00GY3P	147	Pulse	255		24865174	3967	0
00GY3P	148	Picture	2058	2058	24873045	0	1	23174	1	0	next	other	0
00GY3P	148	Pulse	255		24885174	12130	0
00GY3P	149	Picture	spri_uhal_er_nopa.JPG	spri_uhal_er_nopa.JPG	24896219	0	1	35179	1	0	next	other	0
00GY3P	149	Pulse	255		24905174	8955	0
00GY3P	149	Pulse	255		24925174	28955	0
00GY3P	150	Picture	rating	rating	24931398	0	1	167	1	0	next	miss	0
00GY3P	150	Response	1		24942284	10887	0
00GY3P	150	Pulse	255		24945175	13777	0
00GY3P	150	Response	4		24950524	19126	0
00GY3P	151	Picture	1174	1174	24961408	0	1	11837	1	0	next	other	0
00GY3P	151	Pulse	255		24965174	3766	0
00GY3P	152	Picture	3579	3579	24973245	0	1	38513	1	0	next	other	0
00GY3P	152	Pulse	255		24985174	11929	0
00GY3P	152	Pulse	255		25005174	31929	0
00GY3P	153	Picture	spri_wund_er_nopa.JPG	spri_wund_er_nopa.JPG	25011758	0	1	35179	1	0	next	other	0
00GY3P	153	Pulse	255		25025174	13416	0
00GY3P	153	Pulse	255		25045174	33416	0
00GY3P	154	Picture	2501	2501	25046937	0	1	27676	1	0	next	other	0
00GY3P	154	Pulse	255		25065174	18238	0
00GY3P	155	Picture	heel_fuss_er_pain.JPG	heel_fuss_er_pain.JPG	25074613	0	1	35179	1	0	next	other	0
00GY3P	155	Pulse	255		25085174	10562	0
00GY3P	155	Pulse	255		25105174	30562	0
00GY3P	156	Picture	4320	4320	25109791	0	1	43681	1	0	next	other	0
00GY3P	156	Pulse	255		25125174	15383	0
00GY3P	156	Pulse	255		25145174	35383	0
00GY3P	157	Picture	face_ch_f.JPG	face_ch_f.JPG	25153472	0	1	30177	1	0	next	other	0
00GY3P	157	Pulse	255		25165175	11702	0
00GY3P	158	Picture	1997	1997	25183649	0	1	22674	1	0	next	other	0
00GY3P	158	Pulse	255		25185175	1525	0
00GY3P	158	Pulse	255		25203622	19973	1543
00GY3P	159	Picture	heel_hand_ki_nopa.JPG	heel_hand_ki_nopa.JPG	25206324	0	1	35179	1	0	next	other	0
00GY3P	159	Pulse	255		25225174	18851	0
00GY3P	160	Picture	3011	3011	25241502	0	1	32678	1	0	next	other	0
00GY3P	160	Pulse	255		25245175	3672	0
00GY3P	160	Pulse	255		25265174	23672	0
00GY3P	161	Picture	zang_fing_ki_pain.JPG	zang_fing_ki_pain.JPG	25274180	0	1	35179	1	0	next	other	0
00GY3P	161	Pulse	255		25285165	10985	0
00GY3P	161	Pulse	255		25305165	30985	0
00GY3P	162	Picture	rating	rating	25309358	0	1	167	1	0	next	miss	0
00GY3P	162	Response	2		25316545	7186	0
00GY3P	162	Response	5		25325145	15786	0
00GY3P	162	Pulse	255		25325164	15806	0
00GY3P	163	Picture	1532	1532	25339368	0	1	15338	1	0	next	other	0
00GY3P	163	Pulse	255		25345165	5796	0
00GY3P	164	Picture	2424	2424	25354707	0	1	26676	1	0	next	other	0
00GY3P	164	Pulse	255		25365164	10458	0
00GY3P	165	Picture	spri_marm_ki_pain.JPG	spri_marm_ki_pain.JPG	25381383	0	1	35179	1	0	next	other	0
00GY3P	165	Pulse	255		25385165	3782	0
00GY3P	165	Pulse	255		25405165	23782	0
00GY3P	166	Picture	2005	2005	25416561	0	1	22674	1	0	next	other	0
00GY3P	166	Pulse	255		25425165	8604	0
00GY3P	167	Picture	spri_hals_ki_nopa.JPG	spri_hals_ki_nopa.JPG	25439235	0	1	35179	1	0	next	other	0
00GY3P	167	Pulse	255		25445165	5929	0
00GY3P	167	Pulse	255		25465165	25929	0
00GY3P	168	Picture	rating	rating	25474414	0	1	167	1	0	next	miss	0
00GY3P	168	Response	1		25480265	5851	0
00GY3P	168	Pulse	255		25485165	10751	0
00GY3P	168	Response	4		25490474	16061	0
00GY3P	169	Picture	1532	1532	25504424	0	1	15339	1	0	next	other	0
00GY3P	169	Pulse	255		25505164	740	0
00GY3P	170	Picture	4139	4139	25519763	0	1	41514	1	0	next	other	0
00GY3P	170	Pulse	255		25525165	5402	0
00GY3P	170	Pulse	255		25545164	25402	0
00GY3P	171	Picture	break	break	25561276	0	1	70857	1	0	next	other	0
00GY3P	171	Pulse	255		25565165	3888	0
00GY3P	171	Pulse	255		25585165	23888	0
00GY3P	171	Response	3		25632064	70787	0
00GY3P	172	Pulse	255		25790475	158341	0
00GY3P	172	Pulse	255		25810475	178341	0
00GY3P	172	Pulse	255		25830475	198341	0
00GY3P	172	Pulse	255		25850475	218341	0
00GY3P	172	Pulse	255		25870475	238341	0
00GY3P	173	Picture	face_ad_m.JPG	face_ad_m.JPG	25870881	0	1	30177	1	0	next	other	0
00GY3P	173	Pulse	255		25890475	19594	0
00GY3P	174	Picture	2276	2276	25901058	0	1	25342	1	0	next	other	0
00GY3P	174	Pulse	255		25910475	9417	0
00GY3P	175	Picture	sage_hand_er_pain.JPG	sage_hand_er_pain.JPG	25926399	0	1	35179	1	0	next	other	0
00GY3P	175	Pulse	255		25930475	4075	0
00GY3P	175	Pulse	255		25950475	24075	0
00GY3P	176	Picture	rating	rating	25961578	0	1	167	1	0	next	miss	0
00GY3P	176	Pulse	255		25970475	8897	0
00GY3P	176	Response	2		25975875	14297	0
00GY3P	176	Response	5		25977255	15677	0
00GY3P	176	Response	2		25979725	18147	0
00GY3P	176	Response	5		25981185	19607	0
00GY3P	176	Response	2		25982109	20531	0
00GY3P	176	Response	5		25983635	22057	0
00GY3P	176	Response	2		25985095	23517	0
00GY3P	176	Response	5		25986345	24767	0
00GY3P	176	Response	2		25987325	25747	0
00GY3P	176	Response	5		25988675	27097	0
00GY3P	176	Pulse	255		25990475	28897	0
00GY3P	177	Picture	1531	1531	25991588	0	1	15339	1	0	next	other	0
00GY3P	178	Picture	2133	2133	26006927	0	1	23841	1	0	next	other	0
00GY3P	178	Pulse	255		26010475	3548	0
00GY3P	178	Pulse	255		26028260	21333	2216
00GY3P	179	Picture	spri_ohrl_er_nopa.JPG	spri_ohrl_er_nopa.JPG	26030768	0	1	35179	1	0	next	other	0
00GY3P	179	Pulse	255		26050475	19707	0
00GY3P	180	Picture	2238	2238	26065946	0	1	25175	1	0	next	other	0
00GY3P	180	Pulse	255		26070475	4529	0
00GY3P	180	Pulse	255		26088330	22383	2145
00GY3P	181	Picture	zang_brust_er_nopa.JPG	zang_brust_er_nopa.JPG	26091122	0	1	35179	1	0	next	other	0
00GY3P	181	Pulse	255		26110475	19353	0
00GY3P	182	Picture	rating	rating	26126300	0	1	167	1	0	next	miss	0
00GY3P	182	Pulse	255		26130475	4175	0
00GY3P	182	Response	1		26134605	8305	0
00GY3P	182	Response	4		26144996	18696	0
00GY3P	182	Pulse	255		26150475	24175	0
00GY3P	183	Picture	1531	1531	26156310	0	1	15338	1	0	next	other	0
00GY3P	183	Pulse	255		26170475	14165	0
00GY3P	184	Picture	2791	2791	26171649	0	1	30510	1	0	next	other	0
00GY3P	184	Pulse	255		26190475	18826	0
00GY3P	185	Picture	spri_uzah_er_pain.JPG	spri_uzah_er_pain.JPG	26202159	0	1	35179	1	0	next	other	0
00GY3P	185	Pulse	255		26210475	8316	0
00GY3P	185	Pulse	255		26230475	28316	0
00GY3P	186	Picture	4904	4904	26237338	0	1	49517	1	0	next	other	0
00GY3P	186	Pulse	255		26250475	13137	0
00GY3P	186	Pulse	255		26270475	33138	0
00GY3P	187	Picture	face_ch_f.JPG	face_ch_f.JPG	26286854	0	1	30177	1	0	next	other	0
00GY3P	187	Pulse	255		26290465	3611	0
00GY3P	187	Pulse	255		26310475	23621	0
00GY3P	188	Picture	2343	2343	26317031	0	1	25842	1	0	next	other	0
00GY3P	188	Pulse	255		26330465	13434	0
00GY3P	189	Picture	zang_fing_ki_nopa.JPG	zang_fing_ki_nopa.JPG	26342873	0	1	35178	1	0	next	other	0
00GY3P	189	Pulse	255		26350475	7602	0
00GY3P	189	Pulse	255		26370465	27592	0
00GY3P	190	Picture	rating	rating	26378052	0	1	167	1	0	next	miss	0
00GY3P	190	Response	1		26385335	7283	0
00GY3P	190	Pulse	255		26390466	12414	0
00GY3P	190	Response	4		26394865	16814	0
00GY3P	191	Picture	1517	1517	26408062	0	1	15339	1	0	next	other	0
00GY3P	191	Pulse	255		26410465	2403	0
00GY3P	192	Picture	2057	2057	26423400	0	1	23174	1	0	next	other	0
00GY3P	192	Pulse	255		26430465	7065	0
00GY3P	193	Picture	spri_hals_ki_pain.JPG	spri_hals_ki_pain.JPG	26446575	0	1	35179	1	0	next	other	0
00GY3P	193	Pulse	255		26450465	3890	0
00GY3P	193	Pulse	255		26470465	23890	0
00GY3P	194	Picture	2368	2368	26481753	0	1	26175	1	0	next	other	0
00GY3P	194	Pulse	255		26490465	8712	0
00GY3P	195	Picture	spri_marm_ki_nopa.JPG	spri_marm_ki_nopa.JPG	26507929	0	1	35179	1	0	next	other	0
00GY3P	195	Pulse	255		26510465	2536	0
00GY3P	195	Pulse	255		26530465	22536	0
00GY3P	196	Picture	2699	2699	26543107	0	1	29843	1	0	next	other	0
00GY3P	196	Pulse	255		26550465	7358	0
00GY3P	196	Pulse	255		26570101	26993	365
00GY3P	197	Picture	heel_hand_ki_pain.JPG	heel_hand_ki_pain.JPG	26572951	0	1	35179	1	0	next	other	0
00GY3P	197	Pulse	255		26590465	17515	0
00GY3P	198	Picture	rating	rating	26608129	0	1	167	1	0	next	miss	0
00GY3P	198	Pulse	255		26610465	2336	0
00GY3P	198	Response	2		26614455	6326	0
00GY3P	198	Response	5		26623065	14936	0
00GY3P	198	Pulse	255		26630466	22337	0
00GY3P	199	Picture	1517	1517	26638139	0	1	15339	1	0	next	other	0
00GY3P	199	Pulse	255		26650465	12326	0
00GY3P	200	Picture	4653	4653	26653478	0	1	46849	1	0	next	other	0
00GY3P	200	Pulse	255		26670465	16987	0
00GY3P	200	Pulse	255		26690465	36987	0
00GY3P	201	Picture	face_ad_m.JPG	face_ad_m.JPG	26700327	0	1	30177	1	0	next	other	0
00GY3P	201	Pulse	255		26710465	10138	0
00GY3P	201	Pulse	255		26730465	30138	0
00GY3P	202	Picture	2305	2305	26730504	0	1	25675	1	0	next	other	0
00GY3P	202	Pulse	255		26750465	19962	0
00GY3P	203	Picture	spri_bauc_er_nopa.JPG	spri_bauc_er_nopa.JPG	26756179	0	1	35012	1	0	next	other	0
00GY3P	203	Pulse	255		26770465	14286	0
00GY3P	203	Pulse	255		26790465	34286	0
00GY3P	204	Picture	3159	3159	26791191	0	1	34345	1	0	next	other	0
00GY3P	204	Pulse	255		26810465	19274	0
00GY3P	205	Picture	lego_fuss_er_pain.JPG	lego_fuss_er_pain.JPG	26825536	0	1	35179	1	0	next	other	0
00GY3P	205	Pulse	255		26830465	4930	0
00GY3P	205	Pulse	255		26850465	24929	0
00GY3P	206	Picture	rating	rating	26860714	0	1	167	1	0	next	miss	0
00GY3P	206	Pulse	255		26870465	9751	0
00GY3P	206	Response	1		26876385	15671	0
00GY3P	206	Response	4		26879907	19193	0
00GY3P	206	Pulse	255		26890465	29751	0
00GY3P	207	Picture	1326	1326	26890724	0	1	13338	1	0	next	other	0
00GY3P	208	Picture	2060	2060	26904062	0	1	24342	1	0	next	other	0
00GY3P	208	Pulse	255		26910465	6403	0
00GY3P	209	Picture	zwic_brust_er_nopa.JPG	zwic_brust_er_nopa.JPG	26928404	0	1	35179	1	0	next	other	0
00GY3P	209	Pulse	255		26930465	2061	0
00GY3P	209	Pulse	255		26950465	22062	0
00GY3P	210	Picture	rating	rating	26963582	0	1	167	1	0	next	miss	0
00GY3P	210	Pulse	255		26970465	6883	0
00GY3P	210	Response	1		26971175	7593	0
00GY3P	210	Response	4		26981165	17583	0
00GY3P	210	Pulse	255		26990465	26883	0
00GY3P	211	Picture	1326	1326	26993592	0	1	13338	1	0	next	other	0
00GY3P	212	Picture	2323	2323	27006930	0	1	25842	1	0	next	other	0
00GY3P	212	Pulse	255		27010465	3535	0
00GY3P	212	Pulse	255		27030163	23233	303
00GY3P	213	Picture	hamm_fing_er_pain.JPG	hamm_fing_er_pain.JPG	27032772	0	1	35179	1	0	next	other	0
00GY3P	213	Pulse	255		27050466	17693	0
00GY3P	214	Picture	4891	4891	27067951	0	1	49350	1	0	next	other	0
00GY3P	214	Pulse	255		27070465	2515	0
00GY3P	214	Pulse	255		27090465	22515	0
00GY3P	214	Pulse	255		27110465	42515	0
00GY3P	215	Picture	face_ch_m.JPG	face_ch_m.JPG	27117301	0	1	30177	1	0	next	other	0
00GY3P	215	Pulse	255		27130465	13165	0
00GY3P	216	Picture	2181	2181	27147477	0	1	24175	1	0	next	other	0
00GY3P	216	Pulse	255		27150465	2988	0
00GY3P	216	Pulse	255		27169292	21814	1174
00GY3P	217	Picture	spri_oarm_ki_nopa.JPG	spri_oarm_ki_nopa.JPG	27171652	0	1	35179	1	0	next	other	0
00GY3P	217	Pulse	255		27190466	18813	0
00GY3P	218	Picture	rating	rating	27206831	0	1	167	1	0	next	miss	0
00GY3P	218	Pulse	255		27210466	3635	0
00GY3P	218	Response	1		27213516	6685	0
00GY3P	218	Response	4		27222835	16004	0
00GY3P	218	Pulse	255		27230466	23635	0
00GY3P	219	Picture	1250	1250	27236841	0	1	12671	1	0	next	other	0
00GY3P	220	Picture	2986	2986	27249512	0	1	32344	1	0	next	other	0
00GY3P	220	Pulse	255		27250465	953	0
00GY3P	220	Pulse	255		27270466	20954	0
00GY3P	221	Picture	reis_hand_ki_pain.JPG	reis_hand_ki_pain.JPG	27281856	0	1	35179	1	0	next	other	0
00GY3P	221	Pulse	255		27290465	8609	0
00GY3P	221	Pulse	255		27310466	28610	0
00GY3P	222	Picture	2059	2059	27317035	0	1	23174	1	0	next	other	0
00GY3P	222	Pulse	255		27330465	13431	0
00GY3P	223	Picture	trit_bein_ki_nopa.JPG	trit_bein_ki_nopa.JPG	27340209	0	1	35179	1	0	next	other	0
00GY3P	223	Pulse	255		27350466	10257	0
00GY3P	223	Pulse	255		27370466	30257	0
00GY3P	224	Picture	2773	2773	27375388	0	1	30344	1	0	next	other	0
00GY3P	224	Pulse	255		27390466	15078	0
00GY3P	225	Picture	spri_ozah_ki_pain.JPG	spri_ozah_ki_pain.JPG	27405731	0	1	35179	1	0	next	other	0
00GY3P	225	Pulse	255		27410466	4734	0
00GY3P	225	Pulse	255		27430466	24734	0
00GY3P	226	Picture	rating	rating	27440910	0	1	167	1	0	next	miss	0
00GY3P	226	Response	2		27449566	8656	0
00GY3P	226	Pulse	255		27450466	9556	0
00GY3P	226	Response	5		27453956	13046	0
00GY3P	226	Response	2		27456746	15836	0
00GY3P	226	Response	5		27458626	17716	0
00GY3P	226	Response	2		27459336	18426	0
00GY3P	226	Response	5		27462845	21936	0
00GY3P	226	Pulse	255		27470466	29556	0
00GY3P	227	Picture	1250	1250	27470920	0	1	12671	1	0	next	other	0
00GY3P	228	Picture	4677	4677	27483591	0	1	47183	1	0	next	other	0
00GY3P	228	Pulse	255		27490466	6875	0
00GY3P	228	Pulse	255		27510466	26875	0
00GY3P	228	Pulse	255		27530364	46773	103
00GY3P	229	Picture	face_ad_f.JPG	face_ad_f.JPG	27530773	0	1	30177	1	0	next	other	0
00GY3P	229	Pulse	255		27550466	19693	0
00GY3P	230	Picture	2168	2168	27560950	0	1	24508	1	0	next	other	0
00GY3P	230	Pulse	255		27570466	9516	0
00GY3P	231	Picture	heel_fuss_er_nopa.JPG	heel_fuss_er_nopa.JPG	27585458	0	1	35179	1	0	next	other	0
00GY3P	231	Pulse	255		27590466	5007	0
00GY3P	231	Pulse	255		27610466	25007	0
00GY3P	232	Picture	rating	rating	27620637	0	1	167	1	0	next	miss	0
00GY3P	232	Pulse	255		27630466	9829	0
00GY3P	232	Response	1		27630785	10148	0
00GY3P	232	Response	4		27638865	18228	0
00GY3P	232	Pulse	255		27650466	29829	0
00GY3P	233	Picture	1069	1069	27650647	0	1	10837	1	0	next	other	0
00GY3P	234	Picture	4184	4184	27661484	0	1	44515	1	0	next	other	0
00GY3P	234	Pulse	255		27670466	8982	0
00GY3P	234	Pulse	255		27690466	28982	0
00GY3P	235	Picture	spri_wund_er_pain.JPG	spri_wund_er_pain.JPG	27705999	0	1	35012	1	0	next	other	0
00GY3P	235	Pulse	255		27710465	4467	0
00GY3P	235	Pulse	255		27730466	24467	0
00GY3P	236	Picture	2000	2000	27741011	0	1	22674	1	0	next	other	0
00GY3P	236	Pulse	255		27750466	9455	0
00GY3P	237	Picture	spri_uhal_er_pain.JPG	spri_uhal_er_pain.JPG	27763685	0	1	35179	1	0	next	other	0
00GY3P	237	Pulse	255		27770466	6781	0
00GY3P	237	Pulse	255		27790466	26781	0
00GY3P	238	Picture	rating	rating	27798864	0	1	167	1	0	next	miss	0
00GY3P	238	Pulse	255		27810466	11602	0
00GY3P	238	Response	2		27811116	12252	0
00GY3P	238	Response	5		27815596	16732	0
00GY3P	239	Picture	1069	1069	27828874	0	1	10837	1	0	next	other	0
00GY3P	239	Pulse	255		27830466	1592	0
00GY3P	240	Picture	2011	2011	27839711	0	1	22674	1	0	next	other	0
00GY3P	240	Pulse	255		27850466	10755	0
00GY3P	241	Picture	zang_nagl_er_nopa.JPG	zang_nagl_er_nopa.JPG	27862385	0	1	35179	1	0	next	other	0
00GY3P	241	Pulse	255		27870466	8081	0
00GY3P	241	Pulse	255		27890466	28081	0
00GY3P	242	Picture	6911	6911	27897563	0	1	69523	1	0	next	other	0
00GY3P	242	Pulse	255		27910466	12902	0
00GY3P	242	Pulse	255		27930466	32902	0
00GY3P	242	Pulse	255		27950466	52902	0
00GY3P	243	Picture	face_ad_f.JPG	face_ad_f.JPG	27967087	0	1	30177	1	0	next	other	0
00GY3P	243	Pulse	255		27970466	3379	0
00GY3P	243	Pulse	255		27990466	23379	0
00GY3P	244	Picture	2000	2000	27997264	0	1	22007	1	0	next	other	0
00GY3P	244	Pulse	255		28010466	13202	0
00GY3P	245	Picture	klem_hand_er_nopa.jpg	klem_hand_er_nopa.jpg	28019271	0	1	35179	1	0	next	other	0
00GY3P	245	Pulse	255		28030466	11195	0
00GY3P	245	Pulse	255		28050466	31195	0
00GY3P	246	Picture	rating	rating	28054450	0	1	167	1	0	next	miss	0
00GY3P	246	Response	1		28061506	7056	0
00GY3P	246	Pulse	255		28070467	16017	0
00GY3P	246	Response	4		28071126	16676	0
00GY3P	247	Picture	1079	1079	28084460	0	1	10837	1	0	next	other	0
00GY3P	247	Pulse	255		28090465	6006	0
00GY3P	248	Picture	1998	1998	28095297	0	1	22508	1	0	next	other	0
00GY3P	248	Pulse	255		28110466	15169	0
00GY3P	249	Picture	heat_hand_er_pain.JPG	heat_hand_er_pain.JPG	28117804	0	1	35179	1	0	next	other	0
00GY3P	249	Pulse	255		28130466	12661	0
00GY3P	249	Pulse	255		28150456	32652	0
00GY3P	250	Picture	4282	4282	28152983	0	1	45515	1	0	next	other	0
00GY3P	250	Pulse	255		28170466	17483	0
00GY3P	250	Pulse	255		28190456	37473	0
00GY3P	251	Picture	spri_daum_er_nopa.JPG	spri_daum_er_nopa.JPG	28198498	0	1	35179	1	0	next	other	0
00GY3P	251	Pulse	255		28210466	11968	0
00GY3P	251	Pulse	255		28230456	31958	0
00GY3P	252	Picture	2063	2063	28233677	0	1	23174	1	0	next	other	0
00GY3P	252	Pulse	255		28250456	16779	0
00GY3P	253	Picture	spri_zfin_er_pain.JPG	spri_zfin_er_pain.JPG	28256851	0	1	35179	1	0	next	other	0
00GY3P	253	Pulse	255		28270456	13605	0
00GY3P	253	Pulse	255		28290456	33605	0
00GY3P	254	Picture	rating	rating	28292030	0	1	167	1	0	next	miss	0
00GY3P	254	Response	2		28301156	9126	0
00GY3P	254	Response	5		28302903	10873	0
00GY3P	254	Response	2		28304466	12436	0
00GY3P	254	Response	5		28306206	14176	0
00GY3P	254	Response	2		28307146	15116	0
00GY3P	254	Response	5		28308796	16766	0
00GY3P	254	Response	2		28310046	18016	1
00GY3P	254	Pulse	255		28310457	18427	0
00GY3P	254	Response	5		28311506	19476	0
00GY3P	254	Response	2		28317416	25386	0
00GY3P	254	Response	5		28320656	28626	0
00GY3P	255	Picture	1079	1079	28322040	0	1	10837	1	0	next	other	0
00GY3P	255	Pulse	255		28330456	8416	0
00GY3P	256	Picture	4014	4014	28332877	0	1	40680	1	0	next	other	0
00GY3P	256	Pulse	255		28350456	17579	0
00GY3P	256	Pulse	255		28370456	37579	0
00GY3P	257	Picture	face_ch_m.JPG	face_ch_m.JPG	28373557	0	1	30177	1	0	next	other	0
00GY3P	257	Pulse	255		28390456	16899	0
00GY3P	258	Picture	3042	3042	28403734	0	1	33345	1	0	next	other	0
00GY3P	258	Pulse	255		28410456	6722	0
00GY3P	258	Pulse	255		28430456	26722	0
00GY3P	259	Picture	zang_brust_ki_pain.JPG	zang_brust_ki_pain.JPG	28437078	0	1	35179	1	0	next	other	0
00GY3P	259	Pulse	255		28450456	13377	0
00GY3P	259	Pulse	255		28470456	33377	0
00GY3P	260	Picture	rating	rating	28472257	0	1	167	1	0	next	miss	0
00GY3P	260	Response	2		28478976	6719	0
00GY3P	260	Response	5		28487496	15238	0
00GY3P	260	Pulse	255		28490456	18199	0
00GY3P	261	Picture	1138	1138	28502267	0	1	11504	1	0	next	other	0
00GY3P	261	Pulse	255		28510456	8189	0
00GY3P	262	Picture	2256	2256	28513771	0	1	25509	1	0	next	other	0
00GY3P	262	Pulse	255		28530456	16685	0
00GY3P	263	Picture	sage_hand_ki_nopa.JPG	sage_hand_ki_nopa.JPG	28539280	0	1	35012	1	0	next	other	0
00GY3P	263	Pulse	255		28550456	11176	0
00GY3P	263	Pulse	255		28570456	31176	0
00GY3P	264	Picture	2114	2114	28574291	0	1	23341	1	0	next	other	0
00GY3P	264	Pulse	255		28590456	16165	0
00GY3P	265	Picture	spri_uzah_ki_nopa.JPG	spri_uzah_ki_nopa.JPG	28597633	0	1	35179	1	0	next	other	0
00GY3P	265	Pulse	255		28610456	12824	0
00GY3P	265	Pulse	255		28630456	32824	0
00GY3P	266	Picture	rating	rating	28632811	0	1	167	1	0	next	miss	0
00GY3P	266	Response	1		28641626	8815	0
00GY3P	266	Pulse	255		28650456	17645	0
00GY3P	266	Response	4		28652646	19835	0
00GY3P	267	Picture	1138	1138	28662821	0	1	11504	1	0	next	other	0
00GY3P	267	Pulse	255		28670456	7634	0
00GY3P	268	Picture	2811	2811	28674325	0	1	30177	1	0	next	other	0
00GY3P	268	Pulse	255		28690456	16131	0
00GY3P	269	Picture	spri_ohrl_ki_pain.JPG	spri_ohrl_ki_pain.JPG	28704502	0	1	35179	1	0	next	other	0
00GY3P	269	Pulse	255		28710456	5954	0
00GY3P	269	Pulse	255		28730456	25954	0
00GY3P	270	Picture	4139	4139	28739680	0	1	41847	1	0	next	other	0
00GY3P	270	Pulse	255		28750456	10776	0
00GY3P	270	Pulse	255		28770456	30776	0
00GY3P	271	Picture	face_ch_m.JPG	face_ch_m.JPG	28781528	0	1	30177	1	0	next	other	0
00GY3P	271	Pulse	255		28790456	8928	0
00GY3P	271	Pulse	255		28810456	28928	0
00GY3P	272	Picture	2476	2476	28811705	0	1	27343	1	0	next	other	0
00GY3P	272	Pulse	255		28830456	18751	0
00GY3P	273	Picture	spri_bauc_ki_pain.JPG	spri_bauc_ki_pain.JPG	28839047	0	1	35179	1	0	next	other	0
00GY3P	273	Pulse	255		28850456	11409	0
00GY3P	273	Pulse	255		28870456	31409	0
00GY3P	274	Picture	rating	rating	28874226	0	1	167	1	0	next	miss	0
00GY3P	274	Response	2		28881626	7401	0
00GY3P	274	Response	5		28884646	10421	0
00GY3P	274	Response	2		28886906	12680	0
00GY3P	274	Pulse	255		28890457	16231	0
00GY3P	274	Response	5		28890526	16301	0
00GY3P	274	Response	2		28893616	19390	0
00GY3P	274	Response	5		28895376	21150	0
00GY3P	275	Picture	1337	1337	28904236	0	1	13505	1	0	next	other	0
00GY3P	275	Pulse	255		28910456	6220	0
00GY3P	276	Picture	2422	2422	28917740	0	1	26842	1	0	next	other	0
00GY3P	276	Pulse	255		28930456	12716	0
00GY3P	277	Picture	lego_fuss_ki_nopa.JPG	lego_fuss_ki_nopa.JPG	28944583	0	1	35179	1	0	next	other	0
00GY3P	277	Pulse	255		28950456	5873	0
00GY3P	277	Pulse	255		28970456	25873	0
00GY3P	278	Picture	rating	rating	28979761	0	1	167	1	0	next	miss	0
00GY3P	278	Response	1		28988776	9015	0
00GY3P	278	Pulse	255		28990468	10707	0
00GY3P	278	Response	4		28990735	10974	0
00GY3P	278	Response	2		28993607	13845	0
00GY3P	278	Response	5		28995886	16125	0
00GY3P	279	Picture	1337	1337	29009771	0	1	13505	1	0	next	other	0
00GY3P	279	Pulse	255		29010456	685	0
00GY3P	280	Picture	2008	2008	29023276	0	1	22841	1	0	next	other	0
00GY3P	280	Pulse	255		29030456	7180	0
00GY3P	281	Picture	hamm_fing_ki_nopa.JPG	hamm_fing_ki_nopa.JPG	29046117	0	1	35179	1	0	next	other	0
00GY3P	281	Pulse	255		29050456	4339	0
00GY3P	281	Pulse	255		29070456	24339	0
00GY3P	282	Picture	2921	2921	29081295	0	1	31844	1	0	next	other	0
00GY3P	282	Pulse	255		29090456	9161	0
00GY3P	282	Pulse	255		29110456	29161	0
00GY3P	283	Picture	zwic_brust_ki_pain.JPG	zwic_brust_ki_pain.JPG	29113140	0	1	35179	1	0	next	other	0
00GY3P	283	Pulse	255		29130456	17317	0
00GY3P	284	Picture	4993	4993	29148318	0	1	50350	1	0	next	other	0
00GY3P	284	Pulse	255		29150456	2138	0
00GY3P	284	Pulse	255		29170456	22138	0
00GY3P	284	Pulse	255		29190456	42138	0
00GY3P	285	Picture	face_ch_f.JPG	face_ch_f.JPG	29198668	0	1	30177	1	0	next	other	0
00GY3P	285	Pulse	255		29210457	11788	0
00GY3P	286	Picture	2686	2686	29228845	0	1	29510	1	0	next	other	0
00GY3P	286	Pulse	255		29230456	1611	0
00GY3P	286	Pulse	255		29250456	21611	0
00GY3P	287	Picture	spri_daum_ki_pain.JPG	spri_daum_ki_pain.JPG	29258355	0	1	35012	1	0	next	other	0
00GY3P	287	Pulse	255		29270456	12101	0
00GY3P	287	Pulse	255		29290456	32101	0
00GY3P	288	Picture	2725	2725	29293367	0	1	29843	1	0	next	other	0
00GY3P	288	Pulse	255		29310456	17089	0
00GY3P	289	Picture	heat_hand_ki_nopa.JPG	heat_hand_ki_nopa.JPG	29323210	0	1	35179	1	0	next	other	0
00GY3P	289	Pulse	255		29330456	7246	0
00GY3P	289	Pulse	255		29350456	27246	0
00GY3P	290	Picture	rating	rating	29358389	0	1	167	1	0	next	miss	0
00GY3P	290	Response	1		29366597	8208	0
00GY3P	290	Pulse	255		29370457	12068	0
00GY3P	290	Response	4		29376386	17997	0
00GY3P	291	Picture	1334	1334	29388399	0	1	13505	1	0	next	other	0
00GY3P	291	Pulse	255		29390456	2057	0
00GY3P	292	Picture	1998	1998	29401903	0	1	22674	1	0	next	other	0
00GY3P	292	Pulse	255		29410457	8553	0
00GY3P	293	Picture	spri_zfin_ki_nopa.JPG	spri_zfin_ki_nopa.JPG	29424578	0	1	35179	1	0	next	other	0
00GY3P	293	Pulse	255		29430456	5879	0
00GY3P	293	Pulse	255		29450456	25878	0
00GY3P	294	Picture	2423	2423	29459756	0	1	26176	1	0	next	other	0
00GY3P	294	Pulse	255		29470457	10700	0
00GY3P	295	Picture	klem_hand_ki_pain.jpg	klem_hand_ki_pain.jpg	29485932	0	1	35179	1	0	next	other	0
00GY3P	295	Pulse	255		29490456	4525	0
00GY3P	295	Pulse	255		29510456	24525	0
00GY3P	296	Picture	rating	rating	29521110	0	1	167	1	0	next	miss	0
00GY3P	296	Response	2		29528757	7646	0
00GY3P	296	Pulse	255		29530457	9346	1
00GY3P	296	Response	5		29532306	11196	0
00GY3P	296	Pulse	255		29550457	29346	0
00GY3P	297	Picture	1334	1334	29551120	0	1	13505	1	0	next	other	0
00GY3P	298	Picture	4310	4310	29564625	0	1	43681	1	0	next	other	0
00GY3P	298	Pulse	255		29570457	5832	0
00GY3P	298	Pulse	255		29590457	25832	0
00GY3P	299	Picture	face_ch_f.JPG	face_ch_f.JPG	29608306	0	1	30177	1	0	next	other	0
00GY3P	299	Pulse	255		29610457	2150	0
00GY3P	299	Pulse	255		29630457	22150	0
00GY3P	300	Picture	2247	2247	29638483	0	1	24842	1	0	next	other	0
00GY3P	300	Pulse	255		29650457	11973	0
00GY3P	301	Picture	spri_uhal_ki_nopa.JPG	spri_uhal_ki_nopa.JPG	29663325	0	1	35179	1	0	next	other	0
00GY3P	301	Pulse	255		29670456	7131	0
00GY3P	301	Pulse	255		29690457	27132	0
00GY3P	302	Picture	rating	rating	29698503	0	1	167	1	0	next	miss	0
00GY3P	302	Response	1		29708957	10453	0
00GY3P	302	Pulse	255		29710457	11954	0
00GY3P	302	Response	4		29718736	20233	0
00GY3P	303	Picture	1138	1138	29728513	0	1	11504	1	0	next	other	0
00GY3P	303	Pulse	255		29730456	1942	0
00GY3P	304	Picture	3354	3354	29740017	0	1	36179	1	0	next	other	0
00GY3P	304	Pulse	255		29750457	10439	0
00GY3P	304	Pulse	255		29770457	30439	0
00GY3P	305	Picture	heel_fuss_ki_pain.JPG	heel_fuss_ki_pain.JPG	29776196	0	1	35012	1	0	next	other	0
00GY3P	305	Pulse	255		29790457	14260	0
00GY3P	305	Pulse	255		29810457	34260	0
00GY3P	306	Picture	2177	2177	29811208	0	1	24508	1	0	next	other	0
00GY3P	306	Pulse	255		29830457	19249	0
00GY3P	307	Picture	spri_wund_ki_nopa.JPG	spri_wund_ki_nopa.JPG	29835716	0	1	35012	1	0	next	other	0
00GY3P	307	Pulse	255		29850457	14740	0
00GY3P	307	Pulse	255		29870457	34740	0
00GY3P	308	Picture	2446	2446	29870728	0	1	27009	1	0	next	other	0
00GY3P	308	Pulse	255		29890457	19729	0
00GY3P	309	Picture	zang_nagl_ki_pain.JPG	zang_nagl_ki_pain.JPG	29897737	0	1	35178	1	0	next	other	0
00GY3P	309	Pulse	255		29910457	12720	0
00GY3P	309	Pulse	255		29930457	32720	0
00GY3P	310	Picture	rating	rating	29932916	0	1	167	1	0	next	miss	0
00GY3P	310	Response	2		29950197	17281	0
00GY3P	310	Pulse	255		29950457	17542	0
00GY3P	310	Response	5		29953077	20161	0
00GY3P	311	Picture	1138	1138	29962926	0	1	11504	1	0	next	other	0
00GY3P	311	Pulse	255		29970446	7520	0
00GY3P	312	Picture	4166	4166	29974430	0	1	42014	1	0	next	other	0
00GY3P	312	Pulse	255		29990447	16017	0
00GY3P	312	Pulse	255		30010447	36017	0
00GY3P	313	Picture	face_ad_m.JPG	face_ad_m.JPG	30016444	0	1	30177	1	0	next	other	0
00GY3P	313	Pulse	255		30030447	14003	0
00GY3P	314	Picture	2132	2132	30046621	0	1	23841	1	0	next	other	0
00GY3P	314	Pulse	255		30050447	3826	0
00GY3P	314	Pulse	255		30070447	23826	0
00GY3P	315	Picture	reis_hand_er_nopa.JPG	reis_hand_er_nopa.JPG	30070462	0	1	35179	1	0	next	other	0
00GY3P	315	Pulse	255		30090447	19985	0
00GY3P	316	Picture	rating	rating	30105641	0	1	167	1	0	next	miss	0
00GY3P	316	Pulse	255		30110447	4806	0
00GY3P	316	Response	1		30110746	5106	0
00GY3P	316	Response	4		30119546	13906	0
00GY3P	316	Pulse	255		30130447	24806	0
00GY3P	317	Picture	1199	1199	30135651	0	1	12004	1	0	next	other	0
00GY3P	318	Picture	2330	2330	30147655	0	1	26009	1	0	next	other	0
00GY3P	318	Pulse	255		30150447	2792	0
00GY3P	318	Pulse	255		30170447	22792	0
00GY3P	319	Picture	trit_bein_er_pain.JPG	trit_bein_er_pain.JPG	30173663	0	1	35179	1	0	next	other	0
00GY3P	319	Pulse	255		30190447	16783	0
00GY3P	320	Picture	2144	2144	30208842	0	1	24008	1	0	next	other	0
00GY3P	320	Pulse	255		30210447	1605	0
00GY3P	320	Pulse	255		30230286	21444	165
00GY3P	321	Picture	spri_oarm_er_pain.JPG	spri_oarm_er_pain.JPG	30232850	0	1	35179	1	0	next	other	0
00GY3P	321	Pulse	255		30250447	17597	0
00GY3P	322	Picture	rating	rating	30268029	0	1	167	1	0	next	miss	0
00GY3P	322	Pulse	255		30270447	2418	0
00GY3P	322	Response	1		30278767	10738	0
00GY3P	322	Response	4		30280967	12938	0
00GY3P	322	Pulse	255		30290447	22418	0
00GY3P	323	Picture	1199	1199	30298039	0	1	12004	1	0	next	other	0
00GY3P	324	Picture	3497	3497	30310043	0	1	37679	1	0	next	other	0
00GY3P	324	Pulse	255		30310447	404	0
00GY3P	324	Pulse	255		30330447	20404	0
00GY3P	325	Picture	spri_ozah_er_nopa.JPG	spri_ozah_er_nopa.JPG	30347722	0	1	35179	1	0	next	other	0
00GY3P	325	Pulse	255		30350447	2725	0
00GY3P	325	Pulse	255		30370447	22725	0
00GY3P	326	Picture	4320	4320	30382901	0	1	43681	1	0	next	other	0
00GY3P	326	Pulse	255		30390447	7546	0
00GY3P	326	Pulse	255		30410447	27546	0
00GY3P	327	Picture	face_ad_f.JPG	face_ad_f.JPG	30426582	0	1	30177	1	0	next	other	0
00GY3P	327	Pulse	255		30430447	3865	0
00GY3P	327	Pulse	255		30450447	23865	0
00GY3P	328	Picture	2316	2316	30456759	0	1	25675	1	0	next	other	0
00GY3P	328	Pulse	255		30470446	13688	0
00GY3P	329	Picture	spri_hals_er_nopa.JPG	spri_hals_er_nopa.JPG	30482434	0	1	35179	1	0	next	other	0
00GY3P	329	Pulse	255		30490447	8013	0
00GY3P	329	Pulse	255		30510447	28013	0
00GY3P	330	Picture	rating	rating	30517613	0	1	167	1	0	next	miss	0
00GY3P	330	Response	1		30527187	9574	0
00GY3P	330	Pulse	255		30530448	12835	0
00GY3P	330	Response	4		30536526	18914	0
00GY3P	331	Picture	1164	1164	30547623	0	1	11671	1	0	next	other	0
00GY3P	331	Pulse	255		30550446	2824	0
00GY3P	332	Picture	2376	2376	30559293	0	1	26509	1	0	next	other	0
00GY3P	332	Pulse	255		30570447	11154	0
00GY3P	333	Picture	heel_hand_er_nopa.JPG	heel_hand_er_nopa.JPG	30585802	0	1	35179	1	0	next	other	0
00GY3P	333	Pulse	255		30590447	4645	0
00GY3P	333	Pulse	255		30610447	24645	0
00GY3P	334	Picture	2056	2056	30620981	0	1	23174	1	0	next	other	0
00GY3P	334	Pulse	255		30630447	9466	0
00GY3P	335	Picture	spri_marm_er_pain.JPG	spri_marm_er_pain.JPG	30644155	0	1	35178	1	0	next	other	0
00GY3P	335	Pulse	255		30650447	6292	0
00GY3P	335	Pulse	255		30670447	26292	0
00GY3P	336	Picture	3424	3424	30679334	0	1	37012	1	0	next	other	0
00GY3P	336	Pulse	255		30690447	11113	0
00GY3P	336	Pulse	255		30710447	31113	0
00GY3P	337	Picture	zang_fing_er_pain.JPG	zang_fing_er_pain.JPG	30716346	0	1	35179	1	0	next	other	0
00GY3P	337	Pulse	255		30730447	14101	0
00GY3P	337	Pulse	255		30750447	34101	0
00GY3P	338	Picture	rating	rating	30751525	0	1	167	1	0	next	miss	0
00GY3P	338	Response	2		30760559	9034	0
00GY3P	338	Response	5		30769087	17562	0
00GY3P	338	Pulse	255		30770447	18922	0
00GY3P	339	Picture	1164	1164	30781535	0	1	11671	1	0	next	other	0
00GY3P	339	Pulse	255		30790447	8912	0
00GY3P	340	Picture	5601	5601	30793205	0	1	56186	1	0	next	other	0
00GY3P	340	Pulse	255		30810447	17242	0
00GY3P	340	Pulse	255		30830447	37242	0
00GY3P	341	Picture	finish	finish	30849391	0	1	465365	1	0	next	other	0
00GY3P	341	Pulse	255		30850447	1056	0
00GY3P	341	Pulse	255		30870447	21056	0
00GY3P	341	Pulse	255		30890447	41056	0
00GY3P	341	Response	3		31301953	452562	0


Event Type	Code	Type	Response	RT	RT Uncertainty	Time	Uncertainty	Duration	Uncertainty	ReqTime	ReqDur

Picture	welcome	other				20485233	1	167	1	0	next
Picture	face_ch_f.JPG	other				20585600	13	30178	13	0	next
Picture	2133	other				20615777	1	23841	1	0	next
Picture	spri_uhal_ki_pain.JPG	other				20639619	1	35179	1	0	next
Picture	rating	miss				20674797	1	167	1	0	next
Picture	1192	other				20704807	1	12004	1	0	next
Picture	3044	other				20716811	1	32844	1	0	next
Picture	zang_nagl_ki_nopa.JPG	other				20749656	1	35179	1	0	next
Picture	2823	other				20784834	1	30677	1	0	next
Picture	heel_fuss_ki_nopa.JPG	other				20815511	1	35012	1	0	next
Picture	rating	miss				20850523	1	167	1	0	next
Picture	1192	other				20880700	1	12004	1	0	next
Picture	2116	other				20892704	1	23675	1	0	next
Picture	spri_wund_ki_pain.JPG	other				20916379	1	35179	1	0	next
Picture	4904	other				20951557	1	49517	1	0	next
Picture	face_ch_m.JPG	other				21001074	1	30177	1	0	next
Picture	1999	other				21031251	1	22341	1	0	next
Picture	spri_ohrl_ki_nopa.JPG	other				21053591	1	35179	1	0	next
Picture	2466	other				21088770	1	27343	1	0	next
Picture	spri_uzah_ki_pain.JPG	other				21116113	1	35179	1	0	next
Picture	2197	other				21151291	1	24506	13	0	next
Picture	zang_brust_ki_nopa.JPG	other				21175797	13	35014	13	0	next
Picture	rating	miss				21210811	1	167	1	0	next
Picture	1601	other				21240988	1	16172	1	0	next
Picture	2636	other				21257160	1	29010	1	0	next
Picture	sage_hand_ki_pain.JPG	other				21286170	1	35179	1	0	next
Picture	rating	miss				21321348	1	167	1	0	next
Picture	1601	other				21351358	1	16172	1	0	next
Picture	4310	other				21367531	1	43515	1	0	next
Picture	face_ad_f.JPG	other				21411045	1	30177	1	0	next
Picture	2212	other				21441222	1	24675	1	0	next
Picture	spri_marm_er_nopa.JPG	other				21465897	1	35179	1	0	next
Picture	2003	other				21501076	1	22841	1	0	next
Picture	zang_fing_er_nopa.JPG	other				21523917	1	35179	1	0	next
Picture	rating	miss				21559095	1	167	1	0	next
Picture	1352	other				21589105	1	13671	1	0	next
Picture	3048	other				21602776	1	33178	1	0	next
Picture	spri_hals_er_pain.JPG	other				21635954	1	35179	1	0	next
Picture	2534	other				21671133	1	27843	1	0	next
Picture	heel_hand_er_pain.JPG	other				21698976	1	35179	1	0	next
Picture	rating	miss				21734154	1	167	1	0	next
Picture	1352	other				21764164	1	13671	1	0	next
Picture	4993	other				21777835	1	50350	1	0	next
Picture	face_ch_m.JPG	other				21828186	1	30177	1	0	next
Picture	3895	other				21858363	1	41514	1	0	next
Picture	hamm_fing_ki_pain.JPG	other				21899877	1	35012	1	0	next
Picture	2323	other				21934888	1	26009	1	0	next
Picture	zwic_brust_ki_nopa.JPG	other				21960897	1	35179	1	0	next
Picture	rating	miss				21996076	1	167	1	0	next
Picture	1143	other				22026086	1	11504	1	0	next
Picture	1999	other				22037590	1	22508	1	0	next
Picture	spri_bauc_ki_nopa.JPG	other				22060097	1	35179	1	0	next
Picture	1998	other				22095276	1	22341	1	0	next
Picture	lego_fuss_ki_pain.JPG	other				22117617	1	35179	1	0	next
Picture	rating	miss				22152795	1	167	1	0	next
Picture	1143	other				22182805	1	11504	1	0	next
Picture	4014	other				22194309	1	40514	1	0	next
Picture	face_ad_m.JPG	other				22234823	1	30177	1	0	next
Picture	1998	other				22264999	1	22326	22	0	next
Picture	reis_hand_er_pain.JPG	other				22287325	22	35027	22	0	next
Picture	4230	other				22322352	1	44848	1	0	next
Picture	trit_bein_er_nopa.JPG	other				22367201	1	35179	1	0	next
Picture	2080	other				22402379	1	23341	1	0	next
Picture	spri_oarm_er_nopa.JPG	other				22425720	1	35179	1	0	next
Picture	rating	miss				22460899	1	167	1	0	next
Picture	1077	other				22490909	1	10837	1	0	next
Picture	2038	other				22501746	1	23008	1	0	next
Picture	spri_ozah_er_pain.JPG	other				22524754	1	35179	1	0	next
Picture	rating	miss				22559932	1	167	1	0	next
Picture	1077	other				22589942	1	10837	1	0	next
Picture	4653	other				22600779	1	47016	1	0	next
Picture	face_ch_f.JPG	other				22647795	1	30177	1	0	next
Picture	2121	other				22677972	1	23841	1	0	next
Picture	spri_daum_ki_nopa.JPG	other				22701813	1	35179	1	0	next
Picture	2875	other				22736992	1	31344	1	0	next
Picture	heat_hand_ki_pain.JPG	other				22768336	1	35179	1	0	next
Picture	2096	other				22803514	1	23675	1	0	next
Picture	spri_zfin_ki_pain.JPG	other				22827189	1	35179	1	0	next
Picture	rating	miss				22862367	1	167	1	0	next
Picture	1557	other				22892378	1	15672	1	0	next
Picture	2295	other				22908049	1	25008	1	0	next
Picture	klem_hand_ki_nopa.jpg	other				22933058	1	35179	1	0	next
Picture	rating	miss				22968236	1	167	1	0	next
Picture	1557	other				22998246	1	15672	1	0	next
Picture	6911	other				23013918	1	69523	1	0	next
Picture	face_ad_m.JPG	other				23083442	1	30177	1	0	next
Picture	2572	other				23113619	1	28343	1	0	next
Picture	spri_ohrl_er_pain.JPG	other				23141962	1	35179	1	0	next
Picture	3503	other				23177140	1	37679	1	0	next
Picture	zang_brust_er_pain.JPG	other				23214819	1	35179	1	0	next
Picture	rating	miss				23249998	1	167	1	0	next
Picture	1128	other				23280008	1	11337	1	0	next
Picture	2110	other				23291345	1	23675	1	0	next
Picture	spri_uzah_er_nopa.JPG	other				23315020	1	35179	1	0	next
Picture	rating	miss				23350198	1	167	1	0	next
Picture	1128	other				23380209	1	11337	1	0	next
Picture	2059	other				23391546	1	23341	1	0	next
Picture	sage_hand_er_nopa.JPG	other				23414887	1	35179	1	0	next
Picture	4166	other				23450065	1	42014	1	0	next
Picture	face_ad_f.JPG	other				23492080	1	30177	1	0	next
Picture	2208	other				23522256	1	24175	1	0	next
Picture	klem_hand_er_pain.jpg	other				23546431	1	35178	1	0	next
Picture	rating	miss				23581610	1	167	1	0	next
Picture	1255	other				23611620	1	12671	1	0	next
Picture	2435	other				23624291	1	26842	1	0	next
Picture	spri_zfin_er_nopa.JPG	other				23651133	1	35179	1	0	next
Picture	2349	other				23686312	1	25675	1	0	next
Picture	spri_daum_er_pain.JPG	other				23711987	1	35179	1	0	next
Picture	2998	other				23747165	1	32511	1	0	next
Picture	heat_hand_er_nopa.JPG	other				23779676	1	35179	1	0	next
Picture	rating	miss				23814855	1	167	1	0	next
Picture	1255	other				23844865	1	12671	1	0	next
Picture	4677	other				23857536	1	47183	1	0	next
Picture	face_ad_m.JPG	other				23904718	1	30177	1	0	next
Picture	2305	other				23934895	1	25675	1	0	next
Picture	zwic_brust_er_pain.JPG	other				23960571	1	35179	1	0	next
Picture	2404	other				23995749	1	26676	1	0	next
Picture	hamm_fing_er_nopa.JPG	other				24022425	1	35179	1	0	next
Picture	2671	other				24057603	1	29176	1	0	next
Picture	spri_bauc_er_pain.JPG	other				24086780	1	35179	1	0	next
Picture	rating	miss				24121958	1	167	1	0	next
Picture	1350	other				24151968	1	13671	1	0	next
Picture	2421	other				24165640	1	26676	1	0	next
Picture	lego_fuss_er_nopa.JPG	other				24192315	1	35179	1	0	next
Picture	rating	miss				24227494	1	167	1	0	next
Picture	1350	other				24257504	1	13671	1	0	next
Picture	4891	other				24271175	1	49350	1	0	next
Picture	face_ch_m.JPG	other				24320525	1	30177	1	0	next
Picture	2100	other				24350702	1	23508	1	0	next
Picture	spri_ozah_ki_nopa.JPG	other				24374210	1	35179	1	0	next
Picture	2119	other				24409388	1	23841	1	0	next
Picture	trit_bein_ki_pain.JPG	other				24433230	1	35179	1	0	next
Picture	2484	other				24468408	1	27343	1	0	next
Picture	spri_oarm_ki_pain.JPG	other				24495751	1	35179	1	0	next
Picture	rating	miss				24530929	1	167	1	0	next
Picture	1362	other				24560940	1	13671	1	0	next
Picture	3074	other				24574611	1	33345	1	0	next
Picture	reis_hand_ki_nopa.JPG	other				24607955	1	35179	1	0	next
Picture	rating	miss				24643134	1	167	1	0	next
Picture	1362	other				24673144	1	13671	1	0	next
Picture	5601	other				24686815	1	56352	1	0	next
Picture	face_ad_f.JPG	other				24743168	1	30177	1	0	next
Picture	2015	other				24773344	1	22674	1	0	next
Picture	zang_nagl_er_pain.JPG	other				24796019	1	35179	1	0	next
Picture	rating	miss				24831197	1	167	1	0	next
Picture	1174	other				24861207	1	11837	1	0	next
Picture	2058	other				24873045	1	23174	1	0	next
Picture	spri_uhal_er_nopa.JPG	other				24896219	1	35179	1	0	next
Picture	rating	miss				24931398	1	167	1	0	next
Picture	1174	other				24961408	1	11837	1	0	next
Picture	3579	other				24973245	1	38513	1	0	next
Picture	spri_wund_er_nopa.JPG	other				25011758	1	35179	1	0	next
Picture	2501	other				25046937	1	27676	1	0	next
Picture	heel_fuss_er_pain.JPG	other				25074613	1	35179	1	0	next
Picture	4320	other				25109791	1	43681	1	0	next
Picture	face_ch_f.JPG	other				25153472	1	30177	1	0	next
Picture	1997	other				25183649	1	22674	1	0	next
Picture	heel_hand_ki_nopa.JPG	other				25206324	1	35179	1	0	next
Picture	3011	other				25241502	1	32678	1	0	next
Picture	zang_fing_ki_pain.JPG	other				25274180	1	35179	1	0	next
Picture	rating	miss				25309358	1	167	1	0	next
Picture	1532	other				25339368	1	15338	1	0	next
Picture	2424	other				25354707	1	26676	1	0	next
Picture	spri_marm_ki_pain.JPG	other				25381383	1	35179	1	0	next
Picture	2005	other				25416561	1	22674	1	0	next
Picture	spri_hals_ki_nopa.JPG	other				25439235	1	35179	1	0	next
Picture	rating	miss				25474414	1	167	1	0	next
Picture	1532	other				25504424	1	15339	1	0	next
Picture	4139	other				25519763	1	41514	1	0	next
Picture	break	other				25561276	1	70857	1	0	next
Picture	face_ad_m.JPG	other				25870881	1	30177	1	0	next
Picture	2276	other				25901058	1	25342	1	0	next
Picture	sage_hand_er_pain.JPG	other				25926399	1	35179	1	0	next
Picture	rating	miss				25961578	1	167	1	0	next
Picture	1531	other				25991588	1	15339	1	0	next
Picture	2133	other				26006927	1	23841	1	0	next
Picture	spri_ohrl_er_nopa.JPG	other				26030768	1	35179	1	0	next
Picture	2238	other				26065946	1	25175	1	0	next
Picture	zang_brust_er_nopa.JPG	other				26091122	1	35179	1	0	next
Picture	rating	miss				26126300	1	167	1	0	next
Picture	1531	other				26156310	1	15338	1	0	next
Picture	2791	other				26171649	1	30510	1	0	next
Picture	spri_uzah_er_pain.JPG	other				26202159	1	35179	1	0	next
Picture	4904	other				26237338	1	49517	1	0	next
Picture	face_ch_f.JPG	other				26286854	1	30177	1	0	next
Picture	2343	other				26317031	1	25842	1	0	next
Picture	zang_fing_ki_nopa.JPG	other				26342873	1	35178	1	0	next
Picture	rating	miss				26378052	1	167	1	0	next
Picture	1517	other				26408062	1	15339	1	0	next
Picture	2057	other				26423400	1	23174	1	0	next
Picture	spri_hals_ki_pain.JPG	other				26446575	1	35179	1	0	next
Picture	2368	other				26481753	1	26175	1	0	next
Picture	spri_marm_ki_nopa.JPG	other				26507929	1	35179	1	0	next
Picture	2699	other				26543107	1	29843	1	0	next
Picture	heel_hand_ki_pain.JPG	other				26572951	1	35179	1	0	next
Picture	rating	miss				26608129	1	167	1	0	next
Picture	1517	other				26638139	1	15339	1	0	next
Picture	4653	other				26653478	1	46849	1	0	next
Picture	face_ad_m.JPG	other				26700327	1	30177	1	0	next
Picture	2305	other				26730504	1	25675	1	0	next
Picture	spri_bauc_er_nopa.JPG	other				26756179	1	35012	1	0	next
Picture	3159	other				26791191	1	34345	1	0	next
Picture	lego_fuss_er_pain.JPG	other				26825536	1	35179	1	0	next
Picture	rating	miss				26860714	1	167	1	0	next
Picture	1326	other				26890724	1	13338	1	0	next
Picture	2060	other				26904062	1	24342	1	0	next
Picture	zwic_brust_er_nopa.JPG	other				26928404	1	35179	1	0	next
Picture	rating	miss				26963582	1	167	1	0	next
Picture	1326	other				26993592	1	13338	1	0	next
Picture	2323	other				27006930	1	25842	1	0	next
Picture	hamm_fing_er_pain.JPG	other				27032772	1	35179	1	0	next
Picture	4891	other				27067951	1	49350	1	0	next
Picture	face_ch_m.JPG	other				27117301	1	30177	1	0	next
Picture	2181	other				27147477	1	24175	1	0	next
Picture	spri_oarm_ki_nopa.JPG	other				27171652	1	35179	1	0	next
Picture	rating	miss				27206831	1	167	1	0	next
Picture	1250	other				27236841	1	12671	1	0	next
Picture	2986	other				27249512	1	32344	1	0	next
Picture	reis_hand_ki_pain.JPG	other				27281856	1	35179	1	0	next
Picture	2059	other				27317035	1	23174	1	0	next
Picture	trit_bein_ki_nopa.JPG	other				27340209	1	35179	1	0	next
Picture	2773	other				27375388	1	30344	1	0	next
Picture	spri_ozah_ki_pain.JPG	other				27405731	1	35179	1	0	next
Picture	rating	miss				27440910	1	167	1	0	next
Picture	1250	other				27470920	1	12671	1	0	next
Picture	4677	other				27483591	1	47183	1	0	next
Picture	face_ad_f.JPG	other				27530773	1	30177	1	0	next
Picture	2168	other				27560950	1	24508	1	0	next
Picture	heel_fuss_er_nopa.JPG	other				27585458	1	35179	1	0	next
Picture	rating	miss				27620637	1	167	1	0	next
Picture	1069	other				27650647	1	10837	1	0	next
Picture	4184	other				27661484	1	44515	1	0	next
Picture	spri_wund_er_pain.JPG	other				27705999	1	35012	1	0	next
Picture	2000	other				27741011	1	22674	1	0	next
Picture	spri_uhal_er_pain.JPG	other				27763685	1	35179	1	0	next
Picture	rating	miss				27798864	1	167	1	0	next
Picture	1069	other				27828874	1	10837	1	0	next
Picture	2011	other				27839711	1	22674	1	0	next
Picture	zang_nagl_er_nopa.JPG	other				27862385	1	35179	1	0	next
Picture	6911	other				27897563	1	69523	1	0	next
Picture	face_ad_f.JPG	other				27967087	1	30177	1	0	next
Picture	2000	other				27997264	1	22007	1	0	next
Picture	klem_hand_er_nopa.jpg	other				28019271	1	35179	1	0	next
Picture	rating	miss				28054450	1	167	1	0	next
Picture	1079	other				28084460	1	10837	1	0	next
Picture	1998	other				28095297	1	22508	1	0	next
Picture	heat_hand_er_pain.JPG	other				28117804	1	35179	1	0	next
Picture	4282	other				28152983	1	45515	1	0	next
Picture	spri_daum_er_nopa.JPG	other				28198498	1	35179	1	0	next
Picture	2063	other				28233677	1	23174	1	0	next
Picture	spri_zfin_er_pain.JPG	other				28256851	1	35179	1	0	next
Picture	rating	miss				28292030	1	167	1	0	next
Picture	1079	other				28322040	1	10837	1	0	next
Picture	4014	other				28332877	1	40680	1	0	next
Picture	face_ch_m.JPG	other				28373557	1	30177	1	0	next
Picture	3042	other				28403734	1	33345	1	0	next
Picture	zang_brust_ki_pain.JPG	other				28437078	1	35179	1	0	next
Picture	rating	miss				28472257	1	167	1	0	next
Picture	1138	other				28502267	1	11504	1	0	next
Picture	2256	other				28513771	1	25509	1	0	next
Picture	sage_hand_ki_nopa.JPG	other				28539280	1	35012	1	0	next
Picture	2114	other				28574291	1	23341	1	0	next
Picture	spri_uzah_ki_nopa.JPG	other				28597633	1	35179	1	0	next
Picture	rating	miss				28632811	1	167	1	0	next
Picture	1138	other				28662821	1	11504	1	0	next
Picture	2811	other				28674325	1	30177	1	0	next
Picture	spri_ohrl_ki_pain.JPG	other				28704502	1	35179	1	0	next
Picture	4139	other				28739680	1	41847	1	0	next
Picture	face_ch_m.JPG	other				28781528	1	30177	1	0	next
Picture	2476	other				28811705	1	27343	1	0	next
Picture	spri_bauc_ki_pain.JPG	other				28839047	1	35179	1	0	next
Picture	rating	miss				28874226	1	167	1	0	next
Picture	1337	other				28904236	1	13505	1	0	next
Picture	2422	other				28917740	1	26842	1	0	next
Picture	lego_fuss_ki_nopa.JPG	other				28944583	1	35179	1	0	next
Picture	rating	miss				28979761	1	167	1	0	next
Picture	1337	other				29009771	1	13505	1	0	next
Picture	2008	other				29023276	1	22841	1	0	next
Picture	hamm_fing_ki_nopa.JPG	other				29046117	1	35179	1	0	next
Picture	2921	other				29081295	1	31844	1	0	next
Picture	zwic_brust_ki_pain.JPG	other				29113140	1	35179	1	0	next
Picture	4993	other				29148318	1	50350	1	0	next
Picture	face_ch_f.JPG	other				29198668	1	30177	1	0	next
Picture	2686	other				29228845	1	29510	1	0	next
Picture	spri_daum_ki_pain.JPG	other				29258355	1	35012	1	0	next
Picture	2725	other				29293367	1	29843	1	0	next
Picture	heat_hand_ki_nopa.JPG	other				29323210	1	35179	1	0	next
Picture	rating	miss				29358389	1	167	1	0	next
Picture	1334	other				29388399	1	13505	1	0	next
Picture	1998	other				29401903	1	22674	1	0	next
Picture	spri_zfin_ki_nopa.JPG	other				29424578	1	35179	1	0	next
Picture	2423	other				29459756	1	26176	1	0	next
Picture	klem_hand_ki_pain.jpg	other				29485932	1	35179	1	0	next
Picture	rating	miss				29521110	1	167	1	0	next
Picture	1334	other				29551120	1	13505	1	0	next
Picture	4310	other				29564625	1	43681	1	0	next
Picture	face_ch_f.JPG	other				29608306	1	30177	1	0	next
Picture	2247	other				29638483	1	24842	1	0	next
Picture	spri_uhal_ki_nopa.JPG	other				29663325	1	35179	1	0	next
Picture	rating	miss				29698503	1	167	1	0	next
Picture	1138	other				29728513	1	11504	1	0	next
Picture	3354	other				29740017	1	36179	1	0	next
Picture	heel_fuss_ki_pain.JPG	other				29776196	1	35012	1	0	next
Picture	2177	other				29811208	1	24508	1	0	next
Picture	spri_wund_ki_nopa.JPG	other				29835716	1	35012	1	0	next
Picture	2446	other				29870728	1	27009	1	0	next
Picture	zang_nagl_ki_pain.JPG	other				29897737	1	35178	1	0	next
Picture	rating	miss				29932916	1	167	1	0	next
Picture	1138	other				29962926	1	11504	1	0	next
Picture	4166	other				29974430	1	42014	1	0	next
Picture	face_ad_m.JPG	other				30016444	1	30177	1	0	next
Picture	2132	other				30046621	1	23841	1	0	next
Picture	reis_hand_er_nopa.JPG	other				30070462	1	35179	1	0	next
Picture	rating	miss				30105641	1	167	1	0	next
Picture	1199	other				30135651	1	12004	1	0	next
Picture	2330	other				30147655	1	26009	1	0	next
Picture	trit_bein_er_pain.JPG	other				30173663	1	35179	1	0	next
Picture	2144	other				30208842	1	24008	1	0	next
Picture	spri_oarm_er_pain.JPG	other				30232850	1	35179	1	0	next
Picture	rating	miss				30268029	1	167	1	0	next
Picture	1199	other				30298039	1	12004	1	0	next
Picture	3497	other				30310043	1	37679	1	0	next
Picture	spri_ozah_er_nopa.JPG	other				30347722	1	35179	1	0	next
Picture	4320	other				30382901	1	43681	1	0	next
Picture	face_ad_f.JPG	other				30426582	1	30177	1	0	next
Picture	2316	other				30456759	1	25675	1	0	next
Picture	spri_hals_er_nopa.JPG	other				30482434	1	35179	1	0	next
Picture	rating	miss				30517613	1	167	1	0	next
Picture	1164	other				30547623	1	11671	1	0	next
Picture	2376	other				30559293	1	26509	1	0	next
Picture	heel_hand_er_nopa.JPG	other				30585802	1	35179	1	0	next
Picture	2056	other				30620981	1	23174	1	0	next
Picture	spri_marm_er_pain.JPG	other				30644155	1	35178	1	0	next
Picture	3424	other				30679334	1	37012	1	0	next
Picture	zang_fing_er_pain.JPG	other				30716346	1	35179	1	0	next
Picture	rating	miss				30751525	1	167	1	0	next
Picture	1164	other				30781535	1	11671	1	0	next
Picture	5601	other				30793205	1	56186	1	0	next
Picture	finish	other				30849391	1	465365	1	0	next


{
   "app": "Presentation Version 19.0 Build 02.27.17",
   "device": "LENOVO 80UD",
   "experiment": "{AE86245B-50EE-4749-8AE0-3D9BD4B88867}",
   "os": "Windows 10 64 bit",
   "package": "",
   "parameters": {
      "configuration": "Default configuration"
   },
   "scenario": "pain-task.sce",
   "subject": "00GY3P",
   "timestamp": "2019/11/22 13:44:46 GMT"
}
