Scenario - 
Logfile written - 02/19/2020 11:44:25

Subject	Trial	Event Type	Code	name(str)	Time	TTime	Uncertainty	Duration	Uncertainty	ReqTime	ReqDur	Stim Type	Pair Index

00XAM9	0	Pulse	255		6473963	6473963	0
00XAM9	1	Picture	welcome	welcome	6474014	0	1	167	1	0	next	other	0
00XAM9	2	Pulse	255		6493961	19780	0
00XAM9	2	Pulse	255		6513961	39781	0
00XAM9	2	Pulse	255		6533961	59781	0
00XAM9	2	Pulse	255		6553961	79781	0
00XAM9	2	Pulse	255		6573961	99780	0
00XAM9	3	Picture	face_ad_f.JPG	face_ad_f.JPG	6574381	0	1	30177	1	0	next	other	0
00XAM9	3	Pulse	255		6593961	19580	0
00XAM9	4	Picture	2133	2133	6604558	0	1	23675	1	0	next	other	0
00XAM9	4	Pulse	255		6613961	9403	0
00XAM9	5	Picture	heel_fuss_er_pain.JPG	heel_fuss_er_pain.JPG	6628232	0	1	35179	1	0	next	other	0
00XAM9	5	Pulse	255		6633961	5729	0
00XAM9	5	Pulse	255		6653961	25729	0
00XAM9	6	Picture	2116	2116	6663411	0	1	23174	1	0	next	other	0
00XAM9	6	Pulse	255		6673961	10550	0
00XAM9	7	Picture	zang_nagl_er_pain.JPG	zang_nagl_er_pain.JPG	6686585	0	1	35179	1	0	next	other	0
00XAM9	7	Pulse	255		6693961	7376	0
00XAM9	7	Pulse	255		6713961	27376	0
00XAM9	8	Picture	rating	rating	6721764	0	1	167	1	0	next	miss	0
00XAM9	8	Pulse	255		6733969	12205	0
00XAM9	8	Response	2		6738181	16417	0
00XAM9	8	Response	5		6742821	21057	0
00XAM9	9	Picture	1192	1192	6751774	0	1	12004	1	0	next	other	0
00XAM9	9	Pulse	255		6753961	2187	0
00XAM9	10	Picture	2823	2823	6763778	0	1	30344	1	0	next	other	0
00XAM9	10	Pulse	255		6773961	10183	0
00XAM9	10	Pulse	255		6792012	28234	1950
00XAM9	11	Picture	spri_uhal_er_nopa.JPG	spri_uhal_er_nopa.JPG	6794122	0	1	35178	1	0	next	other	0
00XAM9	11	Pulse	255		6813961	19839	0
00XAM9	12	Picture	rating	rating	6829300	0	1	167	1	0	next	miss	0
00XAM9	12	Pulse	255		6833961	4661	0
00XAM9	12	Response	1		6837999	8698	0
00XAM9	12	Response	4		6844861	15561	0
00XAM9	12	Pulse	255		6853961	24661	0
00XAM9	13	Picture	1192	1192	6859310	0	1	12004	1	0	next	other	0
00XAM9	13	Response	1		6861331	2021	0
00XAM9	13	Response	4		6862551	3241	0
00XAM9	14	Picture	3044	3044	6871314	0	1	32678	1	0	next	other	0
00XAM9	14	Pulse	255		6873961	2647	0
00XAM9	14	Pulse	255		6893961	22647	0
00XAM9	15	Picture	spri_wund_er_nopa.JPG	spri_wund_er_nopa.JPG	6903992	0	1	35179	1	0	next	other	0
00XAM9	15	Pulse	255		6913961	9969	0
00XAM9	15	Pulse	255		6933961	29969	0
00XAM9	16	Picture	4677	4677	6939171	0	1	47183	1	0	next	other	0
00XAM9	16	Pulse	255		6953961	14791	0
00XAM9	16	Pulse	255		6973961	34791	0
00XAM9	17	Picture	face_ad_m.JPG	face_ad_m.JPG	6986353	0	1	30177	1	0	next	other	0
00XAM9	17	Pulse	255		6993961	7608	0
00XAM9	17	Pulse	255		7013961	27608	0
00XAM9	18	Picture	1999	1999	7016530	0	1	22341	1	0	next	other	0
00XAM9	18	Pulse	255		7033961	17431	0
00XAM9	19	Picture	sage_hand_er_nopa.JPG	sage_hand_er_nopa.JPG	7038871	0	1	35012	1	0	next	other	0
00XAM9	19	Pulse	255		7053961	15090	0
00XAM9	20	Picture	2197	2197	7073883	0	1	24175	1	0	next	other	0
00XAM9	20	Pulse	255		7073961	79	0
00XAM9	20	Pulse	255		7093961	20079	0
00XAM9	21	Picture	spri_uzah_er_nopa.JPG	spri_uzah_er_nopa.JPG	7098057	0	1	35179	1	0	next	other	0
00XAM9	21	Pulse	255		7113961	15904	0
00XAM9	22	Picture	rating	rating	7133236	0	1	167	1	0	next	miss	0
00XAM9	22	Pulse	255		7133961	725	0
00XAM9	22	Response	1		7144107	10871	0
00XAM9	22	Response	4		7152181	18946	0
00XAM9	22	Pulse	255		7153961	20725	0
00XAM9	23	Picture	1601	1601	7163246	0	1	16172	1	0	next	other	0
00XAM9	23	Pulse	255		7173961	10715	0
00XAM9	24	Picture	2466	2466	7179418	0	1	26842	1	0	next	other	0
00XAM9	24	Pulse	255		7193961	14543	0
00XAM9	25	Picture	zang_brust_er_pain.JPG	zang_brust_er_pain.JPG	7206261	0	1	35179	1	0	next	other	0
00XAM9	25	Pulse	255		7213961	7701	0
00XAM9	25	Pulse	255		7233961	27701	0
00XAM9	26	Picture	rating	rating	7241439	0	1	167	1	0	next	miss	0
00XAM9	26	Pulse	255		7253961	12522	1
00XAM9	26	Response	2		7256091	14652	0
00XAM9	26	Response	5		7263341	21902	0
00XAM9	27	Picture	1601	1601	7271449	0	1	16172	1	0	next	other	0
00XAM9	27	Pulse	255		7273961	2512	0
00XAM9	28	Picture	2636	2636	7287621	0	1	28510	1	0	next	other	0
00XAM9	28	Pulse	255		7293961	6340	0
00XAM9	28	Pulse	255		7313961	26340	0
00XAM9	29	Picture	spri_ohrl_er_pain.JPG	spri_ohrl_er_pain.JPG	7316131	0	1	35012	1	0	next	other	0
00XAM9	29	Pulse	255		7333961	17830	0
00XAM9	30	Picture	4320	4320	7351143	0	1	43681	1	0	next	other	0
00XAM9	30	Pulse	255		7353962	2819	0
00XAM9	30	Pulse	255		7373961	22819	0
00XAM9	30	Pulse	255		7393961	42819	0
00XAM9	31	Picture	face_ch_m.JPG	face_ch_m.JPG	7394824	0	1	30177	1	0	next	other	0
00XAM9	31	Pulse	255		7413961	19137	0
00XAM9	32	Picture	2038	2038	7425001	0	1	22508	1	0	next	other	0
00XAM9	32	Pulse	255		7433962	8961	0
00XAM9	33	Picture	trit_bein_ki_pain.JPG	trit_bein_ki_pain.JPG	7447508	0	1	35012	1	0	next	other	0
00XAM9	33	Pulse	255		7453961	6453	0
00XAM9	33	Pulse	255		7473961	26453	0
00XAM9	34	Picture	4230	4230	7482520	0	1	44348	1	0	next	other	0
00XAM9	34	Pulse	255		7493961	11441	0
00XAM9	34	Pulse	255		7513961	31441	0
00XAM9	35	Picture	spri_ozah_ki_nopa.JPG	spri_ozah_ki_nopa.JPG	7526868	0	1	35179	1	0	next	other	0
00XAM9	35	Pulse	255		7533962	7093	0
00XAM9	35	Pulse	255		7553952	27083	0
00XAM9	36	Picture	1998	1998	7562047	0	1	22007	1	0	next	other	0
00XAM9	36	Pulse	255		7573952	11905	0
00XAM9	37	Picture	spri_oarm_ki_pain.JPG	spri_oarm_ki_pain.JPG	7584054	0	1	35179	1	0	next	other	0
00XAM9	37	Pulse	255		7593962	9907	0
00XAM9	37	Pulse	255		7613952	29897	0
00XAM9	38	Picture	rating	rating	7619233	0	1	167	1	0	next	miss	0
00XAM9	38	Response	2		7629492	10259	0
00XAM9	38	Response	5		7632852	13619	0
00XAM9	38	Pulse	255		7633952	14719	0
00XAM9	38	Response	2		7635402	16169	0
00XAM9	38	Response	5		7637141	17908	0
00XAM9	38	Response	2		7638101	18868	0
00XAM9	38	Response	5		7639411	20178	0
00XAM9	38	Response	2		7642581	23348	0
00XAM9	38	Response	5		7644391	25158	0
00XAM9	39	Picture	1077	1077	7649243	0	1	10837	1	0	next	other	0
00XAM9	39	Pulse	255		7653952	4709	0
00XAM9	40	Picture	2080	2080	7660080	0	1	22841	1	0	next	other	0
00XAM9	40	Pulse	255		7673952	13872	0
00XAM9	41	Picture	reis_hand_ki_nopa.JPG	reis_hand_ki_nopa.JPG	7682921	0	1	35179	1	0	next	other	0
00XAM9	41	Pulse	255		7693951	11030	0
00XAM9	41	Pulse	255		7713952	31031	0
00XAM9	42	Picture	rating	rating	7718100	0	1	167	1	0	next	miss	0
00XAM9	42	Response	1		7732672	14572	0
00XAM9	42	Pulse	255		7733952	15852	0
00XAM9	42	Response	4		7741481	23382	0
00XAM9	43	Picture	1077	1077	7748110	0	1	10837	1	0	next	other	0
00XAM9	43	Pulse	255		7753952	5842	0
00XAM9	44	Picture	4166	4166	7758947	0	1	42014	1	0	next	other	0
00XAM9	44	Pulse	255		7773952	15005	0
00XAM9	44	Pulse	255		7793952	35005	0
00XAM9	45	Picture	face_ad_f.JPG	face_ad_f.JPG	7800961	0	1	30177	1	0	next	other	0
00XAM9	45	Pulse	255		7813952	12991	0
00XAM9	46	Picture	2295	2295	7831138	0	1	24842	1	0	next	other	0
00XAM9	46	Pulse	255		7833952	2814	0
00XAM9	46	Pulse	255		7853952	22814	0
00XAM9	47	Picture	heat_hand_er_nopa.JPG	heat_hand_er_nopa.JPG	7855979	0	1	35179	1	0	next	other	0
00XAM9	47	Pulse	255		7873952	17972	0
00XAM9	48	Picture	rating	rating	7891158	0	1	167	1	0	next	miss	0
00XAM9	48	Pulse	255		7893952	2794	0
00XAM9	48	Response	1		7902092	10934	0
00XAM9	48	Response	4		7909061	17903	0
00XAM9	48	Pulse	255		7913952	22794	0
00XAM9	49	Picture	1557	1557	7921168	0	1	15672	1	0	next	other	0
00XAM9	49	Pulse	255		7933952	12784	0
00XAM9	50	Picture	2121	2121	7936840	0	1	23341	1	0	next	other	0
00XAM9	50	Pulse	255		7953952	17112	0
00XAM9	51	Picture	spri_zfin_er_nopa.JPG	spri_zfin_er_nopa.JPG	7960181	0	1	35012	1	0	next	other	0
00XAM9	51	Pulse	255		7973952	13771	0
00XAM9	51	Pulse	255		7993952	33771	0
00XAM9	52	Picture	2096	2096	7995193	0	1	23008	1	0	next	other	0
00XAM9	52	Pulse	255		8013952	18759	0
00XAM9	53	Picture	spri_daum_er_pain.JPG	spri_daum_er_pain.JPG	8018201	0	1	35179	1	0	next	other	0
00XAM9	53	Pulse	255		8033952	15751	0
00XAM9	54	Picture	2875	2875	8053379	0	1	30344	1	0	next	other	0
00XAM9	54	Pulse	255		8053952	572	0
00XAM9	54	Pulse	255		8073952	20573	0
00XAM9	55	Picture	klem_hand_er_pain.jpg	klem_hand_er_pain.jpg	8083723	0	1	35179	1	0	next	other	0
00XAM9	55	Pulse	255		8093952	10229	0
00XAM9	55	Pulse	255		8113952	30229	0
00XAM9	56	Picture	rating	rating	8118901	0	1	167	1	0	next	miss	0
00XAM9	56	Response	2		8129581	10680	1
00XAM9	56	Pulse	255		8133952	15051	0
00XAM9	56	Response	5		8134652	15751	0
00XAM9	56	Response	2		8139222	20320	0
00XAM9	56	Response	5		8141152	22250	0
00XAM9	56	Response	2		8143312	24410	0
00XAM9	56	Response	5		8145521	26620	0
00XAM9	57	Picture	1557	1557	8148911	0	1	15672	1	0	next	other	0
00XAM9	57	Pulse	255		8153952	5040	0
00XAM9	58	Picture	4653	4653	8164583	0	1	47016	1	0	next	other	0
00XAM9	58	Pulse	255		8173952	9369	0
00XAM9	58	Pulse	255		8193952	29368	0
00XAM9	59	Picture	face_ch_f.JPG	face_ch_f.JPG	8211599	0	1	30177	1	0	next	other	0
00XAM9	59	Pulse	255		8213952	2353	0
00XAM9	59	Pulse	255		8233952	22352	0
00XAM9	60	Picture	2534	2534	8241776	0	1	27509	1	0	next	other	0
00XAM9	60	Pulse	255		8253952	12176	0
00XAM9	61	Picture	spri_marm_ki_pain.JPG	spri_marm_ki_pain.JPG	8269285	0	1	35179	1	0	next	other	0
00XAM9	61	Pulse	255		8273952	4667	0
00XAM9	61	Pulse	255		8293952	24667	0
00XAM9	62	Picture	3048	3048	8304464	0	1	32678	1	0	next	other	0
00XAM9	62	Pulse	255		8313952	9488	0
00XAM9	62	Pulse	255		8333952	29488	0
00XAM9	63	Picture	zang_fing_ki_pain.JPG	zang_fing_ki_pain.JPG	8337141	0	1	35179	1	0	next	other	0
00XAM9	63	Pulse	255		8353952	16811	0
00XAM9	64	Picture	rating	rating	8372320	0	1	167	1	0	next	miss	0
00XAM9	64	Pulse	255		8373952	1632	0
00XAM9	64	Response	2		8381302	8982	0
00XAM9	64	Response	5		8388842	16522	0
00XAM9	64	Pulse	255		8393952	21632	0
00XAM9	65	Picture	1352	1352	8402330	0	1	13671	1	0	next	other	0
00XAM9	65	Pulse	255		8413952	11622	0
00XAM9	66	Picture	2212	2212	8416001	0	1	24342	1	0	next	other	0
00XAM9	66	Pulse	255		8433952	17951	0
00XAM9	67	Picture	heel_hand_ki_nopa.JPG	heel_hand_ki_nopa.JPG	8440343	0	1	35012	1	0	next	other	0
00XAM9	67	Pulse	255		8453952	13609	0
00XAM9	67	Pulse	255		8473952	33609	0
00XAM9	68	Picture	2003	2003	8475355	0	1	22174	1	0	next	other	0
00XAM9	68	Pulse	255		8493952	18597	0
00XAM9	69	Picture	spri_hals_ki_nopa.JPG	spri_hals_ki_nopa.JPG	8497529	0	1	35179	1	0	next	other	0
00XAM9	69	Pulse	255		8513952	16423	0
00XAM9	70	Picture	rating	rating	8532707	0	1	167	1	0	next	miss	0
00XAM9	70	Pulse	255		8533952	1245	0
00XAM9	70	Response	1		8542092	9385	0
00XAM9	70	Response	4		8549101	16394	0
00XAM9	70	Pulse	255		8553952	21245	0
00XAM9	71	Picture	1352	1352	8562717	0	1	13671	1	0	next	other	0
00XAM9	71	Pulse	255		8573952	11235	0
00XAM9	72	Picture	4310	4310	8576389	0	1	43515	1	0	next	other	0
00XAM9	72	Pulse	255		8593952	17563	0
00XAM9	72	Pulse	255		8613952	37563	0
00XAM9	73	Picture	face_ad_m.JPG	face_ad_m.JPG	8619903	0	1	30177	1	0	next	other	0
00XAM9	73	Pulse	255		8633952	14049	0
00XAM9	74	Picture	2323	2323	8650080	0	1	25509	1	0	next	other	0
00XAM9	74	Pulse	255		8653952	3872	0
00XAM9	74	Pulse	255		8673314	23234	639
00XAM9	75	Picture	lego_fuss_er_nopa.JPG	lego_fuss_er_nopa.JPG	8675589	0	1	35179	1	0	next	other	0
00XAM9	75	Pulse	255		8693952	18363	0
00XAM9	76	Picture	rating	rating	8710767	0	1	167	1	0	next	miss	0
00XAM9	76	Pulse	255		8713952	3185	0
00XAM9	76	Response	1		8722522	11755	0
00XAM9	76	Response	4		8730751	19984	0
00XAM9	76	Pulse	255		8733952	23184	1
00XAM9	77	Picture	1143	1143	8740777	0	1	11504	1	0	next	other	0
00XAM9	78	Picture	3895	3895	8752281	0	1	41014	1	0	next	other	0
00XAM9	78	Pulse	255		8753952	1671	0
00XAM9	78	Pulse	255		8773952	21671	0
00XAM9	79	Picture	spri_bauc_er_pain.JPG	spri_bauc_er_pain.JPG	8793295	0	1	35179	1	0	next	other	0
00XAM9	79	Pulse	255		8793952	657	0
00XAM9	79	Pulse	255		8813952	20657	0
00XAM9	80	Picture	rating	rating	8828474	0	1	167	1	0	next	miss	0
00XAM9	80	Pulse	255		8833952	5478	0
00XAM9	80	Pulse	255		8853952	25478	0
00XAM9	80	Response	1		8856732	28258	0
00XAM9	80	Response	4		8858112	29638	0
00XAM9	81	Picture	1143	1143	8858484	0	1	11504	1	0	next	other	0
00XAM9	82	Picture	1998	1998	8869988	0	1	22174	1	0	next	other	0
00XAM9	82	Pulse	255		8873952	3964	0
00XAM9	83	Picture	zwic_brust_er_pain.JPG	zwic_brust_er_pain.JPG	8892162	0	1	35179	1	0	next	other	0
00XAM9	83	Pulse	255		8893952	1790	0
00XAM9	83	Pulse	255		8913952	21790	0
00XAM9	84	Picture	1999	1999	8927340	0	1	22007	1	0	next	other	0
00XAM9	84	Pulse	255		8933952	6612	0
00XAM9	85	Picture	hamm_fing_er_nopa.JPG	hamm_fing_er_nopa.JPG	8949348	0	1	35179	1	0	next	other	0
00XAM9	85	Pulse	255		8953952	4605	0
00XAM9	85	Pulse	255		8973952	24604	0
00XAM9	86	Picture	6911	6911	8984526	0	1	69523	1	0	next	other	0
00XAM9	86	Pulse	255		8993952	9426	0
00XAM9	86	Pulse	255		9013952	29426	0
00XAM9	86	Pulse	255		9033952	49426	0
00XAM9	86	Pulse	255		9053639	69112	314
00XAM9	87	Picture	face_ch_f.JPG	face_ch_f.JPG	9054050	0	1	30177	1	0	next	other	0
00XAM9	87	Pulse	255		9073952	19903	0
00XAM9	88	Picture	2015	2015	9084226	0	1	22341	1	0	next	other	0
00XAM9	88	Pulse	255		9093952	9726	0
00XAM9	89	Picture	spri_wund_ki_pain.JPG	spri_wund_ki_pain.JPG	9106567	0	1	35179	1	0	next	other	0
00XAM9	89	Pulse	255		9113952	7385	0
00XAM9	89	Pulse	255		9133952	27385	0
00XAM9	90	Picture	3579	3579	9141746	0	1	37846	1	0	next	other	0
00XAM9	90	Pulse	255		9153952	12206	0
00XAM9	90	Pulse	255		9173952	32207	0
00XAM9	91	Picture	zang_nagl_ki_nopa.JPG	zang_nagl_ki_nopa.JPG	9179592	0	1	35012	1	0	next	other	0
00XAM9	91	Pulse	255		9193952	14360	0
00XAM9	91	Pulse	255		9213952	34360	0
00XAM9	92	Picture	2058	2058	9214604	0	1	22841	1	0	next	other	0
00XAM9	92	Pulse	255		9233952	19349	0
00XAM9	93	Picture	heel_fuss_ki_nopa.JPG	heel_fuss_ki_nopa.JPG	9237445	0	1	35179	1	0	next	other	0
00XAM9	93	Pulse	255		9253952	16507	0
00XAM9	94	Picture	rating	rating	9272623	0	1	167	1	0	next	miss	0
00XAM9	94	Pulse	255		9273953	1329	0
00XAM9	94	Response	1		9288793	16169	0
00XAM9	94	Pulse	255		9293952	21329	0
00XAM9	94	Response	4		9294327	21703	0
00XAM9	95	Picture	1174	1174	9302633	0	1	11837	1	0	next	other	0
00XAM9	95	Pulse	255		9313952	11319	0
00XAM9	96	Picture	2501	2501	9314471	0	1	27176	1	0	next	other	0
00XAM9	96	Pulse	255		9333952	19482	0
00XAM9	97	Picture	spri_uhal_ki_pain.JPG	spri_uhal_ki_pain.JPG	9341646	0	1	35179	1	0	next	other	0
00XAM9	97	Pulse	255		9353942	12296	0
00XAM9	97	Pulse	255		9373942	32296	0
00XAM9	98	Picture	rating	rating	9376825	0	1	167	1	0	next	miss	0
00XAM9	98	Pulse	255		9393942	17117	0
00XAM9	98	Response	2		9395712	18887	0
00XAM9	98	Response	5		9399272	22447	0
00XAM9	99	Picture	1174	1174	9406835	0	1	11837	1	0	next	other	0
00XAM9	99	Response	2		9407002	167	0
00XAM9	99	Response	5		9409232	2397	0
00XAM9	99	Pulse	255		9413942	7107	0
00XAM9	100	Picture	4891	4891	9418672	0	1	49350	1	0	next	other	0
00XAM9	100	Pulse	255		9433942	15270	0
00XAM9	100	Pulse	255		9453942	35270	0
00XAM9	101	Picture	face_ch_f.JPG	face_ch_f.JPG	9468022	0	1	30177	1	0	next	other	0
00XAM9	101	Pulse	255		9473942	5920	0
00XAM9	101	Pulse	255		9493942	25920	0
00XAM9	102	Picture	2435	2435	9498199	0	1	26509	1	0	next	other	0
00XAM9	102	Pulse	255		9513942	15743	0
00XAM9	103	Picture	spri_daum_ki_nopa.JPG	spri_daum_ki_nopa.JPG	9524708	0	1	35179	1	0	next	other	0
00XAM9	103	Pulse	255		9533942	9234	0
00XAM9	103	Pulse	255		9553942	29234	0
00XAM9	104	Picture	2349	2349	9559887	0	1	25675	1	0	next	other	0
00XAM9	104	Pulse	255		9573942	14056	0
00XAM9	105	Picture	spri_zfin_ki_pain.JPG	spri_zfin_ki_pain.JPG	9585562	0	1	35179	1	0	next	other	0
00XAM9	105	Pulse	255		9593942	8381	0
00XAM9	105	Pulse	255		9613942	28381	0
00XAM9	106	Picture	rating	rating	9620740	0	1	167	1	0	next	miss	0
00XAM9	106	Response	2		9631662	10922	0
00XAM9	106	Pulse	255		9633942	13202	0
00XAM9	106	Response	5		9635452	14712	0
00XAM9	106	Response	2		9641092	20352	0
00XAM9	106	Response	5		9643062	22322	0
00XAM9	107	Picture	1255	1255	9650751	0	1	12671	1	0	next	other	0
00XAM9	107	Pulse	255		9653942	3192	0
00XAM9	108	Picture	2998	2998	9663421	0	1	31677	1	0	next	other	0
00XAM9	108	Pulse	255		9673942	10521	0
00XAM9	108	Pulse	255		9693405	29984	538
00XAM9	109	Picture	klem_hand_ki_nopa.jpg	klem_hand_ki_nopa.jpg	9695099	0	1	35179	1	0	next	other	0
00XAM9	109	Pulse	255		9713942	18844	0
00XAM9	110	Picture	rating	rating	9730277	0	1	167	1	0	next	miss	0
00XAM9	110	Pulse	255		9733943	3665	0
00XAM9	110	Response	1		9745102	14825	0
00XAM9	110	Response	4		9751312	21035	0
00XAM9	110	Pulse	255		9753942	23665	0
00XAM9	111	Picture	1255	1255	9760287	0	1	12671	1	0	next	other	0
00XAM9	112	Picture	2208	2208	9772958	0	1	24175	1	0	next	other	0
00XAM9	112	Pulse	255		9773942	984	0
00XAM9	112	Pulse	255		9793943	20984	0
00XAM9	113	Picture	heat_hand_ki_pain.JPG	heat_hand_ki_pain.JPG	9797133	0	1	35179	1	0	next	other	0
00XAM9	113	Pulse	255		9813943	16809	0
00XAM9	114	Picture	5601	5601	9832312	0	1	56519	1	0	next	other	0
00XAM9	114	Pulse	255		9833942	1631	0
00XAM9	114	Pulse	255		9853943	21631	0
00XAM9	114	Pulse	255		9873943	41631	0
00XAM9	115	Picture	face_ch_m.JPG	face_ch_m.JPG	9888831	0	1	30177	1	0	next	other	0
00XAM9	115	Pulse	255		9893943	5112	0
00XAM9	115	Pulse	255		9913942	25111	0
00XAM9	116	Picture	2572	2572	9919008	0	1	27843	1	0	next	other	0
00XAM9	116	Pulse	255		9933943	14935	0
00XAM9	117	Picture	sage_hand_ki_pain.JPG	sage_hand_ki_pain.JPG	9946850	0	1	35179	1	0	next	other	0
00XAM9	117	Pulse	255		9953943	7092	0
00XAM9	117	Pulse	255		9973942	27092	0
00XAM9	118	Picture	rating	rating	9982029	0	1	167	1	0	next	miss	0
00XAM9	118	Response	2		9993235	11206	0
00XAM9	118	Pulse	255		9993942	11914	0
00XAM9	118	Response	5		9995173	13144	0
00XAM9	118	Response	2		9997112	15084	0
00XAM9	118	Response	5		9999262	17234	0
00XAM9	118	Response	2		10000412	18384	0
00XAM9	118	Response	5		10001872	19844	0
00XAM9	118	Response	2		10003153	21124	0
00XAM9	118	Response	5		10007693	25664	0
00XAM9	119	Picture	1128	1128	10012039	0	1	11337	1	0	next	other	0
00XAM9	119	Pulse	255		10013943	1904	0
00XAM9	120	Picture	2059	2059	10023376	0	1	22674	1	0	next	other	0
00XAM9	120	Pulse	255		10033942	10566	0
00XAM9	121	Picture	spri_ohrl_ki_nopa.JPG	spri_ohrl_ki_nopa.JPG	10046050	0	1	35012	1	0	next	other	0
00XAM9	121	Pulse	255		10053943	7892	0
00XAM9	121	Pulse	255		10073943	27892	0
00XAM9	122	Picture	3503	3503	10081062	0	1	37179	1	0	next	other	0
00XAM9	122	Pulse	255		10093942	12880	0
00XAM9	122	Pulse	255		10113943	32880	0
00XAM9	123	Picture	spri_uzah_ki_pain.JPG	spri_uzah_ki_pain.JPG	10118241	0	1	35179	1	0	next	other	0
00XAM9	123	Pulse	255		10133943	15701	0
00XAM9	124	Picture	2110	2110	10153420	0	1	23341	1	0	next	other	0
00XAM9	124	Pulse	255		10153943	523	0
00XAM9	124	Pulse	255		10173943	20523	0
00XAM9	125	Picture	zang_brust_ki_nopa.JPG	zang_brust_ki_nopa.JPG	10176761	0	1	35179	1	0	next	other	0
00XAM9	125	Pulse	255		10193943	17182	0
00XAM9	126	Picture	rating	rating	10211940	0	1	167	1	0	next	miss	0
00XAM9	126	Pulse	255		10213943	2003	0
00XAM9	126	Pulse	255		10233943	22003	0
00XAM9	126	Response	1		10236593	24653	0
00XAM9	126	Response	4		10240473	28533	0
00XAM9	127	Picture	1128	1128	10241950	0	1	11337	1	0	next	other	0
00XAM9	128	Picture	4014	4014	10253287	0	1	40680	1	0	next	other	0
00XAM9	128	Pulse	255		10253943	656	0
00XAM9	128	Pulse	255		10273943	20656	0
00XAM9	128	Pulse	255		10293943	40656	0
00XAM9	129	Picture	face_ch_m.JPG	face_ch_m.JPG	10293967	0	1	30177	1	0	next	other	0
00XAM9	129	Pulse	255		10313943	19976	0
00XAM9	130	Picture	2421	2421	10324144	0	1	26509	1	0	next	other	0
00XAM9	130	Pulse	255		10333943	9799	0
00XAM9	131	Picture	zwic_brust_ki_nopa.JPG	zwic_brust_ki_nopa.JPG	10350653	0	1	35179	1	0	next	other	0
00XAM9	131	Pulse	255		10353943	3290	0
00XAM9	131	Pulse	255		10373943	23290	0
00XAM9	132	Picture	rating	rating	10385831	0	1	167	1	0	next	miss	0
00XAM9	132	Pulse	255		10393943	8111	0
00XAM9	132	Response	1		10397953	12121	0
00XAM9	132	Response	4		10405542	19711	0
00XAM9	132	Response	1		10412933	27101	0
00XAM9	132	Response	4		10413913	28081	0
00XAM9	132	Pulse	255		10413942	28111	0
00XAM9	132	Response	1		10414853	29021	0
00XAM9	133	Picture	1350	1350	10415842	0	1	13671	1	0	next	other	0
00XAM9	133	Response	4		10416003	161	0
00XAM9	133	Response	1		10416883	1041	0
00XAM9	133	Response	4		10418062	2221	0
00XAM9	134	Picture	2305	2305	10429513	0	1	25342	1	0	next	other	0
00XAM9	134	Pulse	255		10433943	4430	0
00XAM9	134	Pulse	255		10452566	23053	1377
00XAM9	135	Picture	lego_fuss_ki_pain.JPG	lego_fuss_ki_pain.JPG	10454855	0	1	35179	1	0	next	other	0
00XAM9	135	Pulse	255		10473943	19088	0
00XAM9	136	Picture	rating	rating	10490033	0	1	167	1	0	next	miss	0
00XAM9	136	Pulse	255		10493943	3910	0
00XAM9	136	Response	2		10498583	8550	0
00XAM9	136	Response	5		10504022	13989	0
00XAM9	136	Pulse	255		10513943	23910	0
00XAM9	137	Picture	1350	1350	10520043	0	1	13671	1	0	next	other	0
00XAM9	138	Picture	2404	2404	10533715	0	1	26175	1	0	next	other	0
00XAM9	138	Pulse	255		10533943	228	0
00XAM9	138	Pulse	255		10553943	20228	0
00XAM9	139	Picture	spri_bauc_ki_nopa.JPG	spri_bauc_ki_nopa.JPG	10559890	0	1	35179	1	0	next	other	0
00XAM9	139	Pulse	255		10573943	14053	0
00XAM9	139	Pulse	255		10593943	34053	0
00XAM9	140	Picture	2671	2671	10595069	0	1	28843	1	0	next	other	0
00XAM9	140	Pulse	255		10613943	18874	0
00XAM9	141	Picture	hamm_fing_ki_pain.JPG	hamm_fing_ki_pain.JPG	10623912	0	1	35179	1	0	next	other	0
00XAM9	141	Pulse	255		10633943	10031	0
00XAM9	141	Pulse	255		10653943	30031	0
00XAM9	142	Picture	4139	4139	10659090	0	1	41847	1	0	next	other	0
00XAM9	142	Pulse	255		10673943	14853	0
00XAM9	142	Pulse	255		10693943	34853	0
00XAM9	143	Picture	face_ad_m.JPG	face_ad_m.JPG	10700938	0	1	30177	1	0	next	other	0
00XAM9	143	Pulse	255		10713943	13005	0
00XAM9	144	Picture	2100	2100	10731114	0	1	23174	1	0	next	other	0
00XAM9	144	Pulse	255		10733943	2828	0
00XAM9	144	Pulse	255		10752118	21004	1826
00XAM9	145	Picture	trit_bein_er_nopa.JPG	trit_bein_er_nopa.JPG	10754289	0	1	35179	1	0	next	other	0
00XAM9	145	Pulse	255		10773943	19654	0
00XAM9	146	Picture	3074	3074	10789467	0	1	32844	1	0	next	other	0
00XAM9	146	Pulse	255		10793943	4476	0
00XAM9	146	Pulse	255		10813943	24475	0
00XAM9	147	Picture	spri_oarm_er_nopa.JPG	spri_oarm_er_nopa.JPG	10822312	0	1	35179	1	0	next	other	0
00XAM9	147	Pulse	255		10833943	11631	0
00XAM9	147	Pulse	255		10853943	31631	0
00XAM9	148	Picture	rating	rating	10857490	0	1	167	1	0	next	miss	0
00XAM9	148	Response	1		10867903	10413	0
00XAM9	148	Pulse	255		10873942	16452	0
00XAM9	148	Response	4		10875253	17762	0
00XAM9	148	Response	1		10880033	22543	0
00XAM9	148	Response	4		10881423	23932	0
00XAM9	148	Response	1		10883013	25523	0
00XAM9	149	Picture	1362	1362	10887500	0	1	13671	1	0	next	other	0
00XAM9	149	Response	4		10887952	452	0
00XAM9	149	Pulse	255		10893943	6442	0
00XAM9	150	Picture	2119	2119	10901172	0	1	23508	1	0	next	other	0
00XAM9	150	Pulse	255		10913943	12771	0
00XAM9	151	Picture	spri_ozah_er_pain.JPG	spri_ozah_er_pain.JPG	10924680	0	1	35179	1	0	next	other	0
00XAM9	151	Pulse	255		10933943	9263	0
00XAM9	151	Pulse	255		10953943	29263	0
00XAM9	152	Picture	rating	rating	10959858	0	1	167	1	0	next	miss	0
00XAM9	152	Response	2		10968773	8915	0
00XAM9	152	Pulse	255		10973943	14085	0
00XAM9	152	Response	5		10974673	14815	0
00XAM9	152	Response	2		10982213	22355	0
00XAM9	152	Response	5		10987013	27155	0
00XAM9	153	Picture	1362	1362	10989868	0	1	13671	1	0	next	other	0
00XAM9	153	Pulse	255		10993943	4075	0
00XAM9	154	Picture	2484	2484	11003540	0	1	27009	1	0	next	other	0
00XAM9	154	Pulse	255		11013943	10403	0
00XAM9	155	Picture	reis_hand_er_pain.JPG	reis_hand_er_pain.JPG	11030549	0	1	35012	1	0	next	other	0
00XAM9	155	Pulse	255		11033943	3394	0
00XAM9	155	Pulse	255		11053943	23394	0
00XAM9	156	Picture	4904	4904	11065560	0	1	49349	10	0	next	other	0
00XAM9	156	Pulse	255		11073943	8383	0
00XAM9	156	Pulse	255		11093943	28382	0
00XAM9	156	Pulse	255		11113943	48383	0
00XAM9	157	Picture	face_ad_f.JPG	face_ad_f.JPG	11114910	0	10	30178	10	0	next	other	0
00XAM9	157	Pulse	255		11133943	19033	0
00XAM9	158	Picture	2005	2005	11145087	0	1	22341	1	0	next	other	0
00XAM9	158	Pulse	255		11153933	8846	0
00XAM9	159	Picture	zang_fing_er_nopa.JPG	zang_fing_er_nopa.JPG	11167428	0	1	35179	1	0	next	other	0
00XAM9	159	Pulse	255		11173933	6505	0
00XAM9	159	Pulse	255		11193933	26505	0
00XAM9	160	Picture	rating	rating	11202607	0	1	167	1	0	next	miss	0
00XAM9	160	Pulse	255		11213933	11326	0
00XAM9	160	Response	1		11223483	20876	0
00XAM9	160	Response	4		11225793	23187	0
00XAM9	160	Response	1		11230123	27516	0
00XAM9	161	Picture	1532	1532	11232617	0	1	15331	16	0	next	other	0
00XAM9	161	Response	4		11233083	466	0
00XAM9	161	Pulse	255		11233933	1316	0
00XAM9	162	Picture	2424	2424	11247948	0	16	26517	16	0	next	other	0
00XAM9	162	Pulse	255		11253933	5986	0
00XAM9	162	Pulse	255		11272191	24243	1743
00XAM9	163	Picture	heel_hand_er_pain.JPG	heel_hand_er_pain.JPG	11274464	0	1	35179	1	0	next	other	0
00XAM9	163	Pulse	255		11293933	19469	0
00XAM9	164	Picture	rating	rating	11309643	0	1	167	1	0	next	miss	0
00XAM9	164	Pulse	255		11313933	4290	0
00XAM9	164	Response	2		11327863	18221	0
00XAM9	164	Response	5		11333793	24150	0
00XAM9	164	Pulse	255		11333933	24290	0
00XAM9	164	Response	1		11337213	27570	0
00XAM9	165	Picture	1532	1532	11339653	0	1	15339	1	0	next	other	0
00XAM9	165	Response	4		11341193	1540	0
00XAM9	165	Pulse	255		11353933	14280	0
00XAM9	166	Picture	1997	1997	11354991	0	1	22174	1	0	next	other	0
00XAM9	166	Pulse	255		11373933	18942	0
00XAM9	167	Picture	spri_marm_er_nopa.JPG	spri_marm_er_nopa.JPG	11377165	0	1	35179	1	0	next	other	0
00XAM9	167	Pulse	255		11393933	16768	0
00XAM9	168	Picture	3011	3011	11412344	0	1	32344	1	0	next	other	0
00XAM9	168	Pulse	255		11413933	1589	0
00XAM9	168	Pulse	255		11433933	21589	0
00XAM9	169	Picture	spri_hals_er_pain.JPG	spri_hals_er_pain.JPG	11444688	0	1	35179	1	0	next	other	0
00XAM9	169	Pulse	255		11453933	9245	0
00XAM9	169	Pulse	255		11473933	29245	0
00XAM9	170	Picture	4993	4993	11479867	0	1	50017	1	0	next	other	0
00XAM9	170	Pulse	255		11493933	14066	0
00XAM9	170	Pulse	255		11513933	34067	0
00XAM9	171	Picture	break	break	11529884	0	1	33845	1	0	next	other	0
00XAM9	171	Pulse	255		11533933	4050	0
00XAM9	171	Pulse	255		11553933	24050	0
00XAM9	171	Response	3		11563714	33830	0
00XAM9	172	Pulse	255		11573933	10205	0
00XAM9	172	Pulse	255		11816724	252995	0
00XAM9	172	Pulse	255		11836724	272995	0
00XAM9	172	Pulse	255		11856724	292995	0
00XAM9	172	Pulse	255		11876723	312995	0
00XAM9	173	Picture	face_ch_f.JPG	face_ch_f.JPG	11877167	0	1	30177	1	0	next	other	0
00XAM9	173	Pulse	255		11896723	19556	0
00XAM9	174	Picture	2000	2000	11907344	0	1	22174	1	0	next	other	0
00XAM9	174	Pulse	255		11916723	9379	0
00XAM9	175	Picture	heel_fuss_ki_pain.JPG	heel_fuss_ki_pain.JPG	11929518	0	1	35179	1	0	next	other	0
00XAM9	175	Pulse	255		11936723	7205	0
00XAM9	175	Pulse	255		11956723	27205	0
00XAM9	176	Picture	2011	2011	11964697	0	1	22341	1	0	next	other	0
00XAM9	176	Pulse	255		11976724	12027	0
00XAM9	177	Picture	spri_wund_ki_nopa.JPG	spri_wund_ki_nopa.JPG	11987038	0	1	35179	1	0	next	other	0
00XAM9	177	Pulse	255		11996724	9686	0
00XAM9	177	Pulse	255		12016724	29686	0
00XAM9	178	Picture	4184	4184	12022216	0	1	43848	1	0	next	other	0
00XAM9	178	Pulse	255		12036724	14508	0
00XAM9	178	Pulse	255		12056724	34508	0
00XAM9	179	Picture	zang_nagl_ki_pain.JPG	zang_nagl_ki_pain.JPG	12066064	0	1	35179	1	0	next	other	0
00XAM9	179	Pulse	255		12076724	10659	0
00XAM9	179	Pulse	255		12096724	30659	0
00XAM9	180	Picture	rating	rating	12101243	0	1	167	1	0	next	miss	0
00XAM9	180	Response	2		12116403	15161	0
00XAM9	180	Pulse	255		12116723	15481	0
00XAM9	180	Response	5		12120953	19711	0
00XAM9	180	Response	2		12124143	22901	0
00XAM9	180	Response	5		12128843	27601	0
00XAM9	181	Picture	1069	1069	12131253	0	1	10837	1	0	next	other	0
00XAM9	181	Pulse	255		12136723	5471	0
00XAM9	182	Picture	2168	2168	12142090	0	1	23841	1	0	next	other	0
00XAM9	182	Pulse	255		12156724	14634	0
00XAM9	183	Picture	spri_uhal_ki_nopa.JPG	spri_uhal_ki_nopa.JPG	12165931	0	1	35179	1	0	next	other	0
00XAM9	183	Pulse	255		12176714	10783	0
00XAM9	183	Pulse	255		12196714	30783	0
00XAM9	184	Picture	rating	rating	12201110	0	1	167	1	0	next	miss	0
00XAM9	184	Response	1		12210244	9134	0
00XAM9	184	Response	4		12215453	14344	0
00XAM9	184	Pulse	255		12216714	15604	0
00XAM9	184	Response	1		12223253	22144	0
00XAM9	184	Response	4		12226084	24974	0
00XAM9	184	Response	1		12229314	28204	0
00XAM9	184	Response	4		12230813	29704	0
00XAM9	185	Picture	1069	1069	12231120	0	1	10837	1	0	next	other	0
00XAM9	185	Pulse	255		12236714	5594	0
00XAM9	186	Picture	4993	4993	12241957	0	1	50350	1	0	next	other	0
00XAM9	186	Pulse	255		12256713	14757	0
00XAM9	186	Pulse	255		12276714	34757	0
00XAM9	187	Picture	face_ch_m.JPG	face_ch_m.JPG	12292307	0	1	30177	1	0	next	other	0
00XAM9	187	Pulse	255		12296714	4407	0
00XAM9	187	Pulse	255		12316714	24407	0
00XAM9	188	Picture	2238	2238	12322484	0	1	24508	1	0	next	other	0
00XAM9	188	Pulse	255		12336714	14230	0
00XAM9	189	Picture	spri_uzah_ki_nopa.JPG	spri_uzah_ki_nopa.JPG	12346992	0	1	35179	1	0	next	other	0
00XAM9	189	Pulse	255		12356714	9722	0
00XAM9	189	Pulse	255		12376714	29721	0
00XAM9	190	Picture	rating	rating	12382171	0	1	167	1	0	next	miss	0
00XAM9	190	Response	1		12394264	12093	0
00XAM9	190	Pulse	255		12396714	14543	0
00XAM9	190	Response	4		12399404	17233	0
00XAM9	190	Response	1		12404234	22063	0
00XAM9	190	Response	4		12407924	25753	0
00XAM9	191	Picture	1531	1531	12412181	0	1	15339	1	0	next	other	0
00XAM9	191	Pulse	255		12416714	4533	0
00XAM9	192	Picture	2133	2133	12427519	0	1	23508	1	0	next	other	0
00XAM9	192	Pulse	255		12436714	9195	0
00XAM9	193	Picture	sage_hand_ki_nopa.JPG	sage_hand_ki_nopa.JPG	12451027	0	1	35179	1	0	next	other	0
00XAM9	193	Pulse	255		12456714	5687	0
00XAM9	193	Pulse	255		12476714	25687	0
00XAM9	194	Picture	2276	2276	12486206	0	1	24842	1	0	next	other	0
00XAM9	194	Pulse	255		12496714	10508	0
00XAM9	195	Picture	spri_ohrl_ki_pain.JPG	spri_ohrl_ki_pain.JPG	12511047	0	1	35179	1	0	next	other	0
00XAM9	195	Pulse	255		12516714	5666	0
00XAM9	195	Pulse	255		12536714	25667	0
00XAM9	196	Picture	2791	2791	12546226	0	1	30177	1	0	next	other	0
00XAM9	196	Pulse	255		12556714	10488	0
00XAM9	197	Picture	zang_brust_ki_pain.JPG	zang_brust_ki_pain.JPG	12576403	0	1	35179	1	0	next	other	0
00XAM9	197	Pulse	255		12576714	311	0
00XAM9	197	Pulse	255		12596714	20311	0
00XAM9	198	Picture	rating	rating	12611581	0	1	167	1	0	next	miss	0
00XAM9	198	Pulse	255		12616714	5133	0
00XAM9	198	Response	2		12622844	11263	0
00XAM9	198	Response	5		12629543	17962	0
00XAM9	198	Pulse	255		12636714	25133	0
00XAM9	199	Picture	1531	1531	12641591	0	1	15339	1	0	next	other	0
00XAM9	199	Pulse	255		12656714	15123	0
00XAM9	200	Picture	6911	6911	12656930	0	1	69523	1	0	next	other	0
00XAM9	200	Pulse	255		12676714	19784	0
00XAM9	200	Pulse	255		12696714	39784	0
00XAM9	200	Pulse	255		12716714	59784	0
00XAM9	201	Picture	face_ch_f.JPG	face_ch_f.JPG	12726453	0	1	30177	1	0	next	other	0
00XAM9	201	Pulse	255		12736714	10261	0
00XAM9	202	Picture	4282	4282	12756630	0	1	45015	1	0	next	other	0
00XAM9	202	Pulse	255		12756714	84	0
00XAM9	202	Pulse	255		12776714	20084	0
00XAM9	202	Pulse	255		12796714	40084	0
00XAM9	203	Picture	spri_zfin_ki_nopa.JPG	spri_zfin_ki_nopa.JPG	12801645	0	1	35179	1	0	next	other	0
00XAM9	203	Pulse	255		12816714	15069	0
00XAM9	203	Pulse	255		12836714	35069	0
00XAM9	204	Picture	1998	1998	12836824	0	1	21507	1	0	next	other	0
00XAM9	204	Pulse	255		12856714	19890	0
00XAM9	205	Picture	klem_hand_ki_pain.jpg	klem_hand_ki_pain.jpg	12858331	0	1	35179	1	0	next	other	0
00XAM9	205	Pulse	255		12876714	18383	0
00XAM9	206	Picture	rating	rating	12893510	0	1	167	1	0	next	miss	0
00XAM9	206	Pulse	255		12896714	3204	0
00XAM9	206	Response	2		12905514	12004	0
00XAM9	206	Response	5		12910523	17014	0
00XAM9	206	Pulse	255		12916714	23204	0
00XAM9	207	Picture	1079	1079	12923520	0	1	10837	1	0	next	other	0
00XAM9	208	Picture	2000	2000	12934357	0	1	22174	1	0	next	other	0
00XAM9	208	Pulse	255		12936714	2357	0
00XAM9	209	Picture	heat_hand_ki_nopa.JPG	heat_hand_ki_nopa.JPG	12956531	0	1	35179	1	0	next	other	0
00XAM9	209	Pulse	255		12956714	183	0
00XAM9	209	Pulse	255		12976714	20183	0
00XAM9	210	Picture	rating	rating	12991709	0	1	167	1	0	next	miss	0
00XAM9	210	Pulse	255		12996714	5005	0
00XAM9	210	Response	1		13004164	12455	0
00XAM9	210	Response	4		13009834	18124	0
00XAM9	210	Response	1		13016554	24845	0
00XAM9	210	Pulse	255		13016714	25005	0
00XAM9	210	Response	4		13019554	27845	0
00XAM9	211	Picture	1079	1079	13021719	0	1	10837	1	0	next	other	0
00XAM9	212	Picture	2063	2063	13032556	0	1	22841	1	0	next	other	0
00XAM9	212	Pulse	255		13036714	4157	0
00XAM9	213	Picture	spri_daum_ki_pain.JPG	spri_daum_ki_pain.JPG	13055397	0	1	35179	1	0	next	other	0
00XAM9	213	Pulse	255		13056714	1316	0
00XAM9	213	Pulse	255		13076714	21317	0
00XAM9	214	Picture	5601	5601	13090576	0	1	56352	1	0	next	other	0
00XAM9	214	Pulse	255		13096714	6138	0
00XAM9	214	Pulse	255		13116714	26138	0
00XAM9	214	Pulse	255		13136714	46138	0
00XAM9	215	Picture	face_ad_m.JPG	face_ad_m.JPG	13146928	0	1	30177	1	0	next	other	0
00XAM9	215	Pulse	255		13156714	9786	0
00XAM9	215	Pulse	255		13176714	29786	0
00XAM9	216	Picture	2773	2773	13177105	0	1	30010	1	0	next	other	0
00XAM9	216	Pulse	255		13196714	19609	0
00XAM9	217	Picture	trit_bein_er_pain.JPG	trit_bein_er_pain.JPG	13207115	0	1	35179	1	0	next	other	0
00XAM9	217	Pulse	255		13216714	9599	0
00XAM9	217	Pulse	255		13236714	29599	0
00XAM9	218	Picture	2059	2059	13242294	0	1	22674	1	0	next	other	0
00XAM9	218	Pulse	255		13256714	14420	0
00XAM9	219	Picture	spri_ozah_er_nopa.JPG	spri_ozah_er_nopa.JPG	13264968	0	1	35012	1	0	next	other	0
00XAM9	219	Pulse	255		13276714	11746	0
00XAM9	219	Pulse	255		13296714	31746	0
00XAM9	220	Picture	2181	2181	13299980	0	1	23841	1	0	next	other	0
00XAM9	220	Pulse	255		13316714	16734	0
00XAM9	221	Picture	reis_hand_er_nopa.JPG	reis_hand_er_nopa.JPG	13323821	0	1	35179	1	0	next	other	0
00XAM9	221	Pulse	255		13336714	12893	0
00XAM9	221	Pulse	255		13356714	32893	0
00XAM9	222	Picture	rating	rating	13359000	0	1	167	1	0	next	miss	0
00XAM9	222	Pulse	255		13376714	17714	0
00XAM9	223	Picture	1250	1250	13389010	0	1	12671	1	0	next	other	0
00XAM9	223	Pulse	255		13396714	7704	0
00XAM9	224	Picture	2986	2986	13401681	0	1	31844	1	0	next	other	0
00XAM9	224	Pulse	255		13416714	15034	0
00XAM9	225	Picture	spri_oarm_er_pain.JPG	spri_oarm_er_pain.JPG	13433525	0	1	35179	1	0	next	other	0
00XAM9	225	Pulse	255		13436714	3189	0
00XAM9	225	Pulse	255		13456714	23190	0
00XAM9	226	Picture	rating	rating	13468703	0	1	167	1	0	next	miss	0
00XAM9	226	Pulse	255		13476714	8011	0
00XAM9	226	Response	2		13489044	20341	0
00XAM9	226	Response	5		13491854	23151	0
00XAM9	226	Response	1		13494644	25941	0
00XAM9	226	Response	4		13495864	27161	0
00XAM9	226	Pulse	255		13496714	28011	0
00XAM9	227	Picture	1250	1250	13498713	0	1	12671	1	0	next	other	0
00XAM9	228	Picture	4904	4904	13511384	0	1	49517	1	0	next	other	0
00XAM9	228	Pulse	255		13516714	5330	0
00XAM9	228	Pulse	255		13536714	25330	0
00XAM9	228	Pulse	255		13556714	45330	0
00XAM9	229	Picture	face_ch_m.JPG	face_ch_m.JPG	13560901	0	1	30177	1	0	next	other	0
00XAM9	229	Pulse	255		13576714	15813	0
00XAM9	230	Picture	2060	2060	13591078	0	1	22841	1	0	next	other	0
00XAM9	230	Pulse	255		13596714	5636	0
00XAM9	231	Picture	lego_fuss_ki_nopa.JPG	lego_fuss_ki_nopa.JPG	13613919	0	1	35179	1	0	next	other	0
00XAM9	231	Pulse	255		13616714	2795	0
00XAM9	231	Pulse	255		13636714	22795	0
00XAM9	232	Picture	rating	rating	13649097	0	1	167	1	0	next	miss	0
00XAM9	232	Pulse	255		13656714	7617	0
00XAM9	232	Response	1		13660384	11287	0
00XAM9	232	Response	4		13667714	18616	0
00XAM9	232	Pulse	255		13676714	27617	0
00XAM9	233	Picture	1326	1326	13679107	0	1	13338	1	0	next	other	0
00XAM9	234	Picture	2305	2305	13692445	0	1	25175	1	0	next	other	0
00XAM9	234	Pulse	255		13696714	4269	0
00XAM9	234	Pulse	255		13715499	23054	1216
00XAM9	235	Picture	hamm_fing_ki_nopa.JPG	hamm_fing_ki_nopa.JPG	13717620	0	1	35012	1	0	next	other	0
00XAM9	235	Pulse	255		13736714	19094	0
00XAM9	236	Picture	2323	2323	13752632	0	1	25342	1	0	next	other	0
00XAM9	236	Pulse	255		13756714	4082	0
00XAM9	236	Pulse	255		13775866	23234	849
00XAM9	237	Picture	spri_bauc_ki_pain.JPG	spri_bauc_ki_pain.JPG	13777974	0	1	35179	1	0	next	other	0
00XAM9	237	Pulse	255		13796714	18740	0
00XAM9	238	Picture	rating	rating	13813153	0	1	167	1	0	next	miss	0
00XAM9	238	Pulse	255		13816714	3562	0
00XAM9	238	Response	2		13824954	11802	0
00XAM9	238	Response	5		13827444	14292	0
00XAM9	238	Response	2		13830044	16892	0
00XAM9	238	Response	5		13832364	19212	0
00XAM9	238	Pulse	255		13836714	23562	0
00XAM9	239	Picture	1326	1326	13843163	0	1	13338	1	0	next	other	0
00XAM9	240	Picture	3159	3159	13856501	0	1	33845	1	0	next	other	0
00XAM9	240	Pulse	255		13856714	214	0
00XAM9	240	Pulse	255		13876714	20214	0
00XAM9	241	Picture	zwic_brust_ki_pain.JPG	zwic_brust_ki_pain.JPG	13890345	0	1	35179	1	0	next	other	0
00XAM9	241	Pulse	255		13896714	6369	0
00XAM9	241	Pulse	255		13916715	26369	0
00XAM9	242	Picture	4014	4014	13925524	0	1	40514	1	0	next	other	0
00XAM9	242	Pulse	255		13936714	11191	0
00XAM9	242	Pulse	255		13956704	31181	0
00XAM9	243	Picture	face_ad_f.JPG	face_ad_f.JPG	13966037	0	1	30177	1	0	next	other	0
00XAM9	243	Pulse	255		13976704	10667	0
00XAM9	244	Picture	2343	2343	13996214	0	1	25675	1	0	next	other	0
00XAM9	244	Pulse	255		13996704	490	0
00XAM9	244	Pulse	255		14016704	20490	0
00XAM9	245	Picture	spri_hals_er_nopa.JPG	spri_hals_er_nopa.JPG	14021890	0	1	35179	1	0	next	other	0
00XAM9	245	Pulse	255		14036704	14815	0
00XAM9	245	Pulse	255		14056705	34815	0
00XAM9	246	Picture	rating	rating	14057068	0	1	167	1	0	next	miss	0
00XAM9	246	Response	1		14070102	13034	0
00XAM9	246	Pulse	255		14076704	19636	0
00XAM9	246	Response	4		14081304	24236	0
00XAM9	247	Picture	1517	1517	14087078	0	1	15338	1	0	next	other	0
00XAM9	247	Pulse	255		14096704	9626	0
00XAM9	248	Picture	2368	2368	14102417	0	1	25842	1	0	next	other	0
00XAM9	248	Pulse	255		14116704	14288	0
00XAM9	249	Picture	heel_hand_er_nopa.JPG	heel_hand_er_nopa.JPG	14128259	0	1	35179	1	0	next	other	0
00XAM9	249	Pulse	255		14136704	8446	0
00XAM9	249	Pulse	255		14156705	28446	0
00XAM9	250	Picture	2699	2699	14163437	0	1	29177	1	0	next	other	0
00XAM9	250	Pulse	255		14176704	13267	0
00XAM9	251	Picture	spri_marm_er_pain.JPG	spri_marm_er_pain.JPG	14192614	0	1	35179	1	0	next	other	0
00XAM9	251	Pulse	255		14196704	4091	0
00XAM9	251	Pulse	255		14216704	24091	0
00XAM9	252	Picture	2057	2057	14227792	0	1	22674	1	0	next	other	0
00XAM9	252	Pulse	255		14236704	8912	0
00XAM9	253	Picture	zang_fing_er_pain.JPG	zang_fing_er_pain.JPG	14250467	0	1	35179	1	0	next	other	0
00XAM9	253	Pulse	255		14256705	6238	0
00XAM9	253	Pulse	255		14276704	26238	0
00XAM9	254	Picture	rating	rating	14285645	0	1	167	1	0	next	miss	0
00XAM9	254	Response	2		14294005	8360	0
00XAM9	254	Pulse	255		14296704	11059	0
00XAM9	254	Response	5		14307875	22230	0
00XAM9	255	Picture	1517	1517	14315655	0	1	15338	1	0	next	other	0
00XAM9	255	Pulse	255		14316704	1049	0
00XAM9	256	Picture	4166	4166	14330994	0	1	42014	1	0	next	other	0
00XAM9	256	Pulse	255		14336704	5711	0
00XAM9	256	Pulse	255		14356704	25711	0
00XAM9	257	Picture	face_ad_m.JPG	face_ad_m.JPG	14373008	0	1	30177	1	0	next	other	0
00XAM9	257	Pulse	255		14376705	3697	0
00XAM9	257	Pulse	255		14396705	23697	0
00XAM9	258	Picture	2114	2114	14403185	0	1	23508	1	0	next	other	0
00XAM9	258	Pulse	255		14416705	13520	0
00XAM9	259	Picture	zang_brust_er_nopa.JPG	zang_brust_er_nopa.JPG	14426693	0	1	35179	1	0	next	other	0
00XAM9	259	Pulse	255		14436705	10012	0
00XAM9	259	Pulse	255		14456705	30012	0
00XAM9	260	Picture	rating	rating	14461871	0	1	167	1	0	next	miss	0
00XAM9	260	Pulse	255		14476705	14833	0
00XAM9	260	Response	2		14486855	24984	0
00XAM9	260	Response	5		14490515	28643	0
00XAM9	261	Picture	1138	1138	14491881	0	1	11504	1	0	next	other	0
00XAM9	261	Pulse	255		14496705	4823	0
00XAM9	262	Picture	2256	2256	14503385	0	1	24675	1	0	next	other	0
00XAM9	262	Pulse	255		14516705	13320	0
00XAM9	263	Picture	spri_ohrl_er_nopa.JPG	spri_ohrl_er_nopa.JPG	14528060	0	1	35179	1	0	next	other	0
00XAM9	263	Pulse	255		14536705	8644	0
00XAM9	263	Pulse	255		14556705	28645	0
00XAM9	264	Picture	3042	3042	14563239	0	1	32511	1	0	next	other	0
00XAM9	264	Pulse	255		14576705	13466	0
00XAM9	265	Picture	spri_uzah_er_pain.JPG	spri_uzah_er_pain.JPG	14595750	0	1	35179	1	0	next	other	0
00XAM9	265	Pulse	255		14596705	955	0
00XAM9	265	Pulse	255		14616705	20955	0
00XAM9	266	Picture	2811	2811	14630928	0	1	30344	1	0	next	other	0
00XAM9	266	Pulse	255		14636705	5777	0
00XAM9	266	Pulse	255		14656705	25777	0
00XAM9	267	Picture	sage_hand_er_pain.JPG	sage_hand_er_pain.JPG	14661272	0	1	35179	1	0	next	other	0
00XAM9	267	Pulse	255		14676704	15433	0
00XAM9	268	Picture	rating	rating	14696450	0	1	167	1	0	next	miss	0
00XAM9	268	Pulse	255		14696705	255	0
00XAM9	268	Response	2		14702845	6394	0
00XAM9	268	Response	5		14707964	11514	1
00XAM9	268	Response	2		14712294	15844	0
00XAM9	268	Response	5		14715174	18724	0
00XAM9	268	Pulse	255		14716704	20254	0
00XAM9	269	Picture	1138	1138	14726460	0	1	11504	1	0	next	other	0
00XAM9	269	Pulse	255		14736704	10244	0
00XAM9	270	Picture	4310	4310	14737964	0	1	43515	1	0	next	other	0
00XAM9	270	Pulse	255		14756704	18740	0
00XAM9	270	Pulse	255		14776705	38741	0
00XAM9	271	Picture	face_ad_f.JPG	face_ad_f.JPG	14781479	0	1	30177	1	0	next	other	0
00XAM9	271	Pulse	255		14796705	15226	0
00XAM9	272	Picture	2725	2725	14811656	0	1	28843	1	0	next	other	0
00XAM9	272	Pulse	255		14816705	5049	0
00XAM9	272	Pulse	255		14836705	25049	0
00XAM9	273	Picture	klem_hand_er_nopa.jpg	klem_hand_er_nopa.jpg	14840499	0	1	35179	1	0	next	other	0
00XAM9	273	Pulse	255		14856705	16206	0
00XAM9	274	Picture	rating	rating	14875677	0	1	167	1	0	next	miss	0
00XAM9	274	Pulse	255		14876705	1027	0
00XAM9	274	Response	1		14886095	10417	0
00XAM9	274	Response	4		14893124	17447	0
00XAM9	274	Pulse	255		14896706	21029	0
00XAM9	274	Response	1		14896725	21048	0
00XAM9	274	Response	4		14901445	25767	0
00XAM9	275	Picture	1334	1334	14905687	0	1	13505	1	0	next	other	0
00XAM9	275	Pulse	255		14916705	11017	0
00XAM9	276	Picture	2423	2423	14919192	0	1	26175	1	0	next	other	0
00XAM9	276	Pulse	255		14936705	17513	0
00XAM9	277	Picture	heat_hand_er_pain.JPG	heat_hand_er_pain.JPG	14945367	0	1	35009	16	0	next	other	0
00XAM9	277	Pulse	255		14956705	11338	0
00XAM9	277	Pulse	255		14976705	31338	0
00XAM9	278	Picture	2686	2686	14980376	0	16	29013	16	0	next	other	0
00XAM9	278	Pulse	255		14996705	16329	0
00XAM9	279	Picture	spri_zfin_er_pain.JPG	spri_zfin_er_pain.JPG	15009389	0	1	35179	1	0	next	other	0
00XAM9	279	Pulse	255		15016705	7316	0
00XAM9	279	Pulse	255		15036705	27316	0
00XAM9	280	Picture	rating	rating	15044567	0	1	167	1	0	next	miss	0
00XAM9	280	Pulse	255		15056705	12138	0
00XAM9	280	Response	2		15066305	21737	0
00XAM9	280	Response	5		15068443	23876	0
00XAM9	280	Response	1		15070104	25537	0
00XAM9	280	Response	4		15071305	26737	0
00XAM9	281	Picture	1334	1334	15074577	0	1	13505	1	0	next	other	0
00XAM9	281	Response	1		15074765	187	0
00XAM9	281	Response	4		15076154	1577	0
00XAM9	281	Pulse	255		15076704	2127	0
00XAM9	282	Picture	1998	1998	15088082	0	1	22007	1	0	next	other	0
00XAM9	282	Pulse	255		15096705	8623	0
00XAM9	283	Picture	spri_daum_er_nopa.JPG	spri_daum_er_nopa.JPG	15110089	0	1	35179	1	0	next	other	0
00XAM9	283	Pulse	255		15116705	6615	0
00XAM9	283	Pulse	255		15136705	26615	0
00XAM9	284	Picture	4653	4653	15145268	0	1	46849	1	0	next	other	0
00XAM9	284	Pulse	255		15156705	11437	0
00XAM9	284	Pulse	255		15176705	31437	0
00XAM9	285	Picture	face_ad_m.JPG	face_ad_m.JPG	15192117	0	1	30177	1	0	next	other	0
00XAM9	285	Pulse	255		15196705	4588	0
00XAM9	285	Pulse	255		15216705	24588	0
00XAM9	286	Picture	2476	2476	15222294	0	1	26842	1	0	next	other	0
00XAM9	286	Pulse	255		15236705	14411	0
00XAM9	287	Picture	hamm_fing_er_pain.JPG	hamm_fing_er_pain.JPG	15249136	0	1	35012	1	0	next	other	0
00XAM9	287	Pulse	255		15256705	7569	0
00XAM9	287	Pulse	255		15276705	27569	0
00XAM9	288	Picture	2422	2422	15284148	0	1	26509	1	0	next	other	0
00XAM9	288	Pulse	255		15296705	12557	0
00XAM9	289	Picture	zwic_brust_er_nopa.JPG	zwic_brust_er_nopa.JPG	15310657	0	1	35179	1	0	next	other	0
00XAM9	289	Pulse	255		15316705	6048	0
00XAM9	289	Pulse	255		15336705	26048	0
00XAM9	290	Picture	rating	rating	15345836	0	1	167	1	0	next	miss	0
00XAM9	290	Pulse	255		15356705	10869	0
00XAM9	290	Response	1		15356715	10880	0
00XAM9	290	Response	4		15364804	18969	0
00XAM9	291	Picture	1337	1337	15375846	0	1	13505	1	0	next	other	0
00XAM9	291	Pulse	255		15376705	859	0
00XAM9	292	Picture	2008	2008	15389350	0	1	22174	1	0	next	other	0
00XAM9	292	Pulse	255		15396705	7355	0
00XAM9	293	Picture	spri_bauc_er_nopa.JPG	spri_bauc_er_nopa.JPG	15411524	0	1	35179	1	0	next	other	0
00XAM9	293	Pulse	255		15416705	5181	0
00XAM9	293	Pulse	255		15436705	25181	0
00XAM9	294	Picture	2921	2921	15446703	0	1	31341	7	0	next	other	0
00XAM9	294	Pulse	255		15456705	10002	0
00XAM9	294	Pulse	255		15475916	29214	789
00XAM9	295	Picture	lego_fuss_er_pain.JPG	lego_fuss_er_pain.JPG	15478044	0	7	35015	7	0	next	other	0
00XAM9	295	Pulse	255		15496705	18661	0
00XAM9	296	Picture	rating	rating	15513059	0	1	167	1	0	next	miss	0
00XAM9	296	Pulse	255		15516705	3647	0
00XAM9	296	Response	1		15535755	22697	0
00XAM9	296	Pulse	255		15536705	23646	0
00XAM9	296	Response	4		15537315	24256	0
00XAM9	296	Response	2		15541185	28126	0
00XAM9	297	Picture	1337	1337	15543235	0	1	13505	1	0	next	other	0
00XAM9	297	Response	5		15543595	360	0
00XAM9	297	Pulse	255		15556705	13470	0
00XAM9	298	Picture	4139	4139	15556740	0	1	41847	1	0	next	other	0
00XAM9	298	Pulse	255		15576705	19965	0
00XAM9	298	Pulse	255		15596705	39965	0
00XAM9	299	Picture	face_ad_f.JPG	face_ad_f.JPG	15598587	0	1	30177	1	0	next	other	0
00XAM9	299	Pulse	255		15616705	18118	0
00XAM9	300	Picture	2247	2247	15628764	0	1	24675	1	0	next	other	0
00XAM9	300	Pulse	255		15636705	7941	0
00XAM9	301	Picture	heel_fuss_er_nopa.JPG	heel_fuss_er_nopa.JPG	15653439	0	1	35179	1	0	next	other	0
00XAM9	301	Pulse	255		15656705	3266	0
00XAM9	301	Pulse	255		15676705	23266	0
00XAM9	302	Picture	rating	rating	15688618	0	1	167	1	0	next	miss	0
00XAM9	302	Pulse	255		15696705	8087	0
00XAM9	302	Response	1		15706415	17797	0
00XAM9	302	Response	4		15712895	24277	0
00XAM9	302	Pulse	255		15716705	28087	0
00XAM9	303	Picture	1138	1138	15718628	0	1	11504	1	0	next	other	0
00XAM9	304	Picture	3354	3354	15730132	0	1	35679	1	0	next	other	0
00XAM9	304	Pulse	255		15736705	6573	0
00XAM9	304	Pulse	255		15756705	26573	0
00XAM9	305	Picture	spri_uhal_er_pain.JPG	spri_uhal_er_pain.JPG	15765810	0	1	35179	1	0	next	other	0
00XAM9	305	Pulse	255		15776695	10885	0
00XAM9	305	Pulse	255		15796695	30885	0
00XAM9	306	Picture	rating	rating	15800989	0	1	167	1	0	next	miss	0
00XAM9	306	Pulse	255		15816695	15706	0
00XAM9	307	Picture	1138	1138	15830999	0	1	11504	1	0	next	other	0
00XAM9	307	Pulse	255		15836695	5696	0
00XAM9	308	Picture	2177	2177	15842503	0	1	23841	1	0	next	other	0
00XAM9	308	Pulse	255		15856695	14192	0
00XAM9	309	Picture	zang_nagl_er_nopa.JPG	zang_nagl_er_nopa.JPG	15866344	0	1	35012	1	0	next	other	0
00XAM9	309	Pulse	255		15876695	10351	0
00XAM9	309	Pulse	255		15896695	30351	0
00XAM9	310	Picture	2446	2446	15901356	0	1	26676	1	0	next	other	0
00XAM9	310	Pulse	255		15916695	15339	0
00XAM9	311	Picture	spri_wund_er_pain.JPG	spri_wund_er_pain.JPG	15928032	0	1	35012	1	0	next	other	0
00XAM9	311	Pulse	255		15936695	8664	0
00XAM9	311	Pulse	255		15956695	28664	0
00XAM9	312	Picture	4320	4320	15963043	0	1	43681	1	0	next	other	0
00XAM9	312	Pulse	255		15976695	13652	0
00XAM9	312	Pulse	255		15996695	33652	0
00XAM9	313	Picture	face_ch_m.JPG	face_ch_m.JPG	16006725	0	1	30177	1	0	next	other	0
00XAM9	313	Pulse	255		16016695	9970	0
00XAM9	313	Pulse	255		16036695	29970	0
00XAM9	314	Picture	2330	2330	16036902	0	1	25509	1	0	next	other	0
00XAM9	314	Pulse	255		16056695	19794	0
00XAM9	315	Picture	spri_ozah_ki_pain.JPG	spri_ozah_ki_pain.JPG	16062410	0	1	35179	1	0	next	other	0
00XAM9	315	Pulse	255		16076695	14285	0
00XAM9	315	Pulse	255		16096695	34285	0
00XAM9	316	Picture	rating	rating	16097589	0	1	167	1	0	next	miss	0
00XAM9	316	Response	2		16104155	6567	0
00XAM9	316	Response	5		16107865	10277	0
00XAM9	316	Response	2		16112315	14726	0
00XAM9	316	Response	5		16115685	18096	0
00XAM9	316	Pulse	255		16116695	19106	0
00XAM9	316	Response	2		16118805	21217	0
00XAM9	316	Response	5		16120985	23397	0
00XAM9	317	Picture	1199	1199	16127599	0	1	12004	1	0	next	other	0
00XAM9	317	Pulse	255		16136695	9097	0
00XAM9	318	Picture	2144	2144	16139603	0	1	23508	1	0	next	other	0
00XAM9	318	Pulse	255		16156695	17092	0
00XAM9	319	Picture	reis_hand_ki_pain.JPG	reis_hand_ki_pain.JPG	16163111	0	1	35012	1	0	next	other	0
00XAM9	319	Pulse	255		16176695	13584	0
00XAM9	319	Pulse	255		16196695	33585	0
00XAM9	320	Picture	2132	2132	16198123	0	1	23508	1	0	next	other	0
00XAM9	320	Pulse	255		16216695	18573	0
00XAM9	321	Picture	spri_oarm_ki_nopa.JPG	spri_oarm_ki_nopa.JPG	16221631	0	1	35179	1	0	next	other	0
00XAM9	321	Pulse	255		16236695	15065	0
00XAM9	321	Pulse	255		16256695	35065	0
00XAM9	322	Picture	rating	rating	16256809	0	1	167	1	0	next	miss	0
00XAM9	322	Response	1		16265455	8646	0
00XAM9	322	Response	4		16270885	14076	0
00XAM9	322	Response	1		16274685	17876	0
00XAM9	322	Response	4		16276625	19816	0
00XAM9	322	Pulse	255		16276695	19886	0
00XAM9	322	Response	1		16278635	21826	0
00XAM9	322	Response	4		16280825	24016	0
00XAM9	322	Response	1		16285455	28646	0
00XAM9	323	Picture	1199	1199	16286819	0	1	11999	8	0	next	other	0
00XAM9	323	Response	4		16287966	1146	0
00XAM9	323	Pulse	255		16296695	9876	0
00XAM9	324	Picture	3497	3497	16298818	0	8	37185	8	0	next	other	0
00XAM9	324	Pulse	255		16316696	17878	0
00XAM9	325	Picture	trit_bein_ki_nopa.JPG	trit_bein_ki_nopa.JPG	16336002	0	1	35012	1	0	next	other	0
00XAM9	325	Pulse	255		16336695	693	0
00XAM9	325	Pulse	255		16356695	20693	0
00XAM9	326	Picture	4891	4891	16371014	0	1	49350	1	0	next	other	0
00XAM9	326	Pulse	255		16376695	5681	0
00XAM9	326	Pulse	255		16396695	25681	0
00XAM9	326	Pulse	255		16416695	45681	0
00XAM9	327	Picture	face_ch_f.JPG	face_ch_f.JPG	16420364	0	1	30177	1	0	next	other	0
00XAM9	327	Pulse	255		16436696	16332	0
00XAM9	328	Picture	2316	2316	16450541	0	1	25342	1	0	next	other	0
00XAM9	328	Pulse	255		16456695	6154	0
00XAM9	329	Picture	zang_fing_ki_nopa.JPG	zang_fing_ki_nopa.JPG	16475883	0	1	35179	1	0	next	other	0
00XAM9	329	Pulse	255		16476695	813	0
00XAM9	329	Pulse	255		16496695	20812	0
00XAM9	330	Picture	rating	rating	16511061	0	1	167	1	0	next	miss	0
00XAM9	330	Pulse	255		16516695	5634	0
00XAM9	330	Response	1		16525075	14014	0
00XAM9	330	Response	4		16526305	15244	0
00XAM9	330	Response	1		16529775	18714	0
00XAM9	330	Response	4		16531335	20274	0
00XAM9	330	Response	1		16533005	21944	0
00XAM9	330	Response	4		16534195	23134	0
00XAM9	330	Response	1		16535775	24714	0
00XAM9	330	Pulse	255		16536695	25634	0
00XAM9	330	Response	4		16537195	26134	0
00XAM9	330	Response	1		16539125	28064	0
00XAM9	331	Picture	1164	1164	16541071	0	1	11671	1	0	next	other	0
00XAM9	331	Response	4		16541105	34	0
00XAM9	332	Picture	2056	2056	16552742	0	1	22841	1	0	next	other	0
00XAM9	332	Pulse	255		16556695	3953	0
00XAM9	333	Picture	heel_hand_ki_pain.JPG	heel_hand_ki_pain.JPG	16575583	0	1	35179	1	0	next	other	0
00XAM9	333	Pulse	255		16576696	1113	0
00XAM9	333	Pulse	255		16596695	21112	0
00XAM9	334	Picture	rating	rating	16610762	0	1	167	1	0	next	miss	0
00XAM9	334	Pulse	255		16616696	5934	0
00XAM9	334	Response	1		16621325	10564	0
00XAM9	334	Response	4		16623965	13204	0
00XAM9	334	Response	2		16625235	14474	0
00XAM9	334	Response	5		16630735	19974	0
00XAM9	334	Response	1		16634215	23454	0
00XAM9	334	Response	4		16635935	25174	0
00XAM9	334	Pulse	255		16636695	25934	0
00XAM9	334	Response	1		16637065	26304	0
00XAM9	334	Response	4		16638345	27584	0
00XAM9	334	Response	1		16639565	28804	0
00XAM9	335	Picture	1164	1164	16640772	0	1	11671	1	0	next	other	0
00XAM9	335	Response	4		16640805	34	0
00XAM9	336	Picture	3424	3424	16652442	0	1	36346	1	0	next	other	0
00XAM9	336	Pulse	255		16656696	4253	0
00XAM9	336	Pulse	255		16676695	24253	0
00XAM9	337	Picture	spri_hals_ki_pain.JPG	spri_hals_ki_pain.JPG	16688788	0	1	35179	1	0	next	other	0
00XAM9	337	Pulse	255		16696695	7908	0
00XAM9	337	Pulse	255		16716696	27908	0
00XAM9	338	Picture	2376	2376	16723966	0	1	25842	1	0	next	other	0
00XAM9	338	Pulse	255		16736695	12729	0
00XAM9	339	Picture	spri_marm_ki_nopa.JPG	spri_marm_ki_nopa.JPG	16749808	0	1	35179	1	0	next	other	0
00XAM9	339	Pulse	255		16756695	6887	0
00XAM9	339	Pulse	255		16776695	26887	0
00XAM9	340	Picture	4677	4677	16784987	0	1	46849	1	0	next	other	0
00XAM9	340	Pulse	255		16796696	11709	0
00XAM9	340	Pulse	255		16816696	31709	0
00XAM9	341	Picture	finish	finish	16831836	0	1	187240	1	0	next	other	0
00XAM9	341	Pulse	255		16836695	4859	0
00XAM9	341	Pulse	255		16856695	24859	0
00XAM9	341	Pulse	255		16876696	44859	0
00XAM9	341	Pulse	255		16896696	64860	0
00XAM9	341	Pulse	255		16916696	84860	0
00XAM9	341	Response	3		17006037	174201	0


Event Type	Code	Type	Response	RT	RT Uncertainty	Time	Uncertainty	Duration	Uncertainty	ReqTime	ReqDur

Picture	welcome	other				6474014	1	167	1	0	next
Picture	face_ad_f.JPG	other				6574381	1	30177	1	0	next
Picture	2133	other				6604558	1	23675	1	0	next
Picture	heel_fuss_er_pain.JPG	other				6628232	1	35179	1	0	next
Picture	2116	other				6663411	1	23174	1	0	next
Picture	zang_nagl_er_pain.JPG	other				6686585	1	35179	1	0	next
Picture	rating	miss				6721764	1	167	1	0	next
Picture	1192	other				6751774	1	12004	1	0	next
Picture	2823	other				6763778	1	30344	1	0	next
Picture	spri_uhal_er_nopa.JPG	other				6794122	1	35178	1	0	next
Picture	rating	miss				6829300	1	167	1	0	next
Picture	1192	other				6859310	1	12004	1	0	next
Picture	3044	other				6871314	1	32678	1	0	next
Picture	spri_wund_er_nopa.JPG	other				6903992	1	35179	1	0	next
Picture	4677	other				6939171	1	47183	1	0	next
Picture	face_ad_m.JPG	other				6986353	1	30177	1	0	next
Picture	1999	other				7016530	1	22341	1	0	next
Picture	sage_hand_er_nopa.JPG	other				7038871	1	35012	1	0	next
Picture	2197	other				7073883	1	24175	1	0	next
Picture	spri_uzah_er_nopa.JPG	other				7098057	1	35179	1	0	next
Picture	rating	miss				7133236	1	167	1	0	next
Picture	1601	other				7163246	1	16172	1	0	next
Picture	2466	other				7179418	1	26842	1	0	next
Picture	zang_brust_er_pain.JPG	other				7206261	1	35179	1	0	next
Picture	rating	miss				7241439	1	167	1	0	next
Picture	1601	other				7271449	1	16172	1	0	next
Picture	2636	other				7287621	1	28510	1	0	next
Picture	spri_ohrl_er_pain.JPG	other				7316131	1	35012	1	0	next
Picture	4320	other				7351143	1	43681	1	0	next
Picture	face_ch_m.JPG	other				7394824	1	30177	1	0	next
Picture	2038	other				7425001	1	22508	1	0	next
Picture	trit_bein_ki_pain.JPG	other				7447508	1	35012	1	0	next
Picture	4230	other				7482520	1	44348	1	0	next
Picture	spri_ozah_ki_nopa.JPG	other				7526868	1	35179	1	0	next
Picture	1998	other				7562047	1	22007	1	0	next
Picture	spri_oarm_ki_pain.JPG	other				7584054	1	35179	1	0	next
Picture	rating	miss				7619233	1	167	1	0	next
Picture	1077	other				7649243	1	10837	1	0	next
Picture	2080	other				7660080	1	22841	1	0	next
Picture	reis_hand_ki_nopa.JPG	other				7682921	1	35179	1	0	next
Picture	rating	miss				7718100	1	167	1	0	next
Picture	1077	other				7748110	1	10837	1	0	next
Picture	4166	other				7758947	1	42014	1	0	next
Picture	face_ad_f.JPG	other				7800961	1	30177	1	0	next
Picture	2295	other				7831138	1	24842	1	0	next
Picture	heat_hand_er_nopa.JPG	other				7855979	1	35179	1	0	next
Picture	rating	miss				7891158	1	167	1	0	next
Picture	1557	other				7921168	1	15672	1	0	next
Picture	2121	other				7936840	1	23341	1	0	next
Picture	spri_zfin_er_nopa.JPG	other				7960181	1	35012	1	0	next
Picture	2096	other				7995193	1	23008	1	0	next
Picture	spri_daum_er_pain.JPG	other				8018201	1	35179	1	0	next
Picture	2875	other				8053379	1	30344	1	0	next
Picture	klem_hand_er_pain.jpg	other				8083723	1	35179	1	0	next
Picture	rating	miss				8118901	1	167	1	0	next
Picture	1557	other				8148911	1	15672	1	0	next
Picture	4653	other				8164583	1	47016	1	0	next
Picture	face_ch_f.JPG	other				8211599	1	30177	1	0	next
Picture	2534	other				8241776	1	27509	1	0	next
Picture	spri_marm_ki_pain.JPG	other				8269285	1	35179	1	0	next
Picture	3048	other				8304464	1	32678	1	0	next
Picture	zang_fing_ki_pain.JPG	other				8337141	1	35179	1	0	next
Picture	rating	miss				8372320	1	167	1	0	next
Picture	1352	other				8402330	1	13671	1	0	next
Picture	2212	other				8416001	1	24342	1	0	next
Picture	heel_hand_ki_nopa.JPG	other				8440343	1	35012	1	0	next
Picture	2003	other				8475355	1	22174	1	0	next
Picture	spri_hals_ki_nopa.JPG	other				8497529	1	35179	1	0	next
Picture	rating	miss				8532707	1	167	1	0	next
Picture	1352	other				8562717	1	13671	1	0	next
Picture	4310	other				8576389	1	43515	1	0	next
Picture	face_ad_m.JPG	other				8619903	1	30177	1	0	next
Picture	2323	other				8650080	1	25509	1	0	next
Picture	lego_fuss_er_nopa.JPG	other				8675589	1	35179	1	0	next
Picture	rating	miss				8710767	1	167	1	0	next
Picture	1143	other				8740777	1	11504	1	0	next
Picture	3895	other				8752281	1	41014	1	0	next
Picture	spri_bauc_er_pain.JPG	other				8793295	1	35179	1	0	next
Picture	rating	miss				8828474	1	167	1	0	next
Picture	1143	other				8858484	1	11504	1	0	next
Picture	1998	other				8869988	1	22174	1	0	next
Picture	zwic_brust_er_pain.JPG	other				8892162	1	35179	1	0	next
Picture	1999	other				8927340	1	22007	1	0	next
Picture	hamm_fing_er_nopa.JPG	other				8949348	1	35179	1	0	next
Picture	6911	other				8984526	1	69523	1	0	next
Picture	face_ch_f.JPG	other				9054050	1	30177	1	0	next
Picture	2015	other				9084226	1	22341	1	0	next
Picture	spri_wund_ki_pain.JPG	other				9106567	1	35179	1	0	next
Picture	3579	other				9141746	1	37846	1	0	next
Picture	zang_nagl_ki_nopa.JPG	other				9179592	1	35012	1	0	next
Picture	2058	other				9214604	1	22841	1	0	next
Picture	heel_fuss_ki_nopa.JPG	other				9237445	1	35179	1	0	next
Picture	rating	miss				9272623	1	167	1	0	next
Picture	1174	other				9302633	1	11837	1	0	next
Picture	2501	other				9314471	1	27176	1	0	next
Picture	spri_uhal_ki_pain.JPG	other				9341646	1	35179	1	0	next
Picture	rating	miss				9376825	1	167	1	0	next
Picture	1174	other				9406835	1	11837	1	0	next
Picture	4891	other				9418672	1	49350	1	0	next
Picture	face_ch_f.JPG	other				9468022	1	30177	1	0	next
Picture	2435	other				9498199	1	26509	1	0	next
Picture	spri_daum_ki_nopa.JPG	other				9524708	1	35179	1	0	next
Picture	2349	other				9559887	1	25675	1	0	next
Picture	spri_zfin_ki_pain.JPG	other				9585562	1	35179	1	0	next
Picture	rating	miss				9620740	1	167	1	0	next
Picture	1255	other				9650751	1	12671	1	0	next
Picture	2998	other				9663421	1	31677	1	0	next
Picture	klem_hand_ki_nopa.jpg	other				9695099	1	35179	1	0	next
Picture	rating	miss				9730277	1	167	1	0	next
Picture	1255	other				9760287	1	12671	1	0	next
Picture	2208	other				9772958	1	24175	1	0	next
Picture	heat_hand_ki_pain.JPG	other				9797133	1	35179	1	0	next
Picture	5601	other				9832312	1	56519	1	0	next
Picture	face_ch_m.JPG	other				9888831	1	30177	1	0	next
Picture	2572	other				9919008	1	27843	1	0	next
Picture	sage_hand_ki_pain.JPG	other				9946850	1	35179	1	0	next
Picture	rating	miss				9982029	1	167	1	0	next
Picture	1128	other				10012039	1	11337	1	0	next
Picture	2059	other				10023376	1	22674	1	0	next
Picture	spri_ohrl_ki_nopa.JPG	other				10046050	1	35012	1	0	next
Picture	3503	other				10081062	1	37179	1	0	next
Picture	spri_uzah_ki_pain.JPG	other				10118241	1	35179	1	0	next
Picture	2110	other				10153420	1	23341	1	0	next
Picture	zang_brust_ki_nopa.JPG	other				10176761	1	35179	1	0	next
Picture	rating	miss				10211940	1	167	1	0	next
Picture	1128	other				10241950	1	11337	1	0	next
Picture	4014	other				10253287	1	40680	1	0	next
Picture	face_ch_m.JPG	other				10293967	1	30177	1	0	next
Picture	2421	other				10324144	1	26509	1	0	next
Picture	zwic_brust_ki_nopa.JPG	other				10350653	1	35179	1	0	next
Picture	rating	miss				10385831	1	167	1	0	next
Picture	1350	other				10415842	1	13671	1	0	next
Picture	2305	other				10429513	1	25342	1	0	next
Picture	lego_fuss_ki_pain.JPG	other				10454855	1	35179	1	0	next
Picture	rating	miss				10490033	1	167	1	0	next
Picture	1350	other				10520043	1	13671	1	0	next
Picture	2404	other				10533715	1	26175	1	0	next
Picture	spri_bauc_ki_nopa.JPG	other				10559890	1	35179	1	0	next
Picture	2671	other				10595069	1	28843	1	0	next
Picture	hamm_fing_ki_pain.JPG	other				10623912	1	35179	1	0	next
Picture	4139	other				10659090	1	41847	1	0	next
Picture	face_ad_m.JPG	other				10700938	1	30177	1	0	next
Picture	2100	other				10731114	1	23174	1	0	next
Picture	trit_bein_er_nopa.JPG	other				10754289	1	35179	1	0	next
Picture	3074	other				10789467	1	32844	1	0	next
Picture	spri_oarm_er_nopa.JPG	other				10822312	1	35179	1	0	next
Picture	rating	miss				10857490	1	167	1	0	next
Picture	1362	other				10887500	1	13671	1	0	next
Picture	2119	other				10901172	1	23508	1	0	next
Picture	spri_ozah_er_pain.JPG	other				10924680	1	35179	1	0	next
Picture	rating	miss				10959858	1	167	1	0	next
Picture	1362	other				10989868	1	13671	1	0	next
Picture	2484	other				11003540	1	27009	1	0	next
Picture	reis_hand_er_pain.JPG	other				11030549	1	35012	1	0	next
Picture	4904	other				11065560	1	49349	10	0	next
Picture	face_ad_f.JPG	other				11114910	10	30178	10	0	next
Picture	2005	other				11145087	1	22341	1	0	next
Picture	zang_fing_er_nopa.JPG	other				11167428	1	35179	1	0	next
Picture	rating	miss				11202607	1	167	1	0	next
Picture	1532	other				11232617	1	15331	16	0	next
Picture	2424	other				11247948	16	26517	16	0	next
Picture	heel_hand_er_pain.JPG	other				11274464	1	35179	1	0	next
Picture	rating	miss				11309643	1	167	1	0	next
Picture	1532	other				11339653	1	15339	1	0	next
Picture	1997	other				11354991	1	22174	1	0	next
Picture	spri_marm_er_nopa.JPG	other				11377165	1	35179	1	0	next
Picture	3011	other				11412344	1	32344	1	0	next
Picture	spri_hals_er_pain.JPG	other				11444688	1	35179	1	0	next
Picture	4993	other				11479867	1	50017	1	0	next
Picture	break	other				11529884	1	33845	1	0	next
Picture	face_ch_f.JPG	other				11877167	1	30177	1	0	next
Picture	2000	other				11907344	1	22174	1	0	next
Picture	heel_fuss_ki_pain.JPG	other				11929518	1	35179	1	0	next
Picture	2011	other				11964697	1	22341	1	0	next
Picture	spri_wund_ki_nopa.JPG	other				11987038	1	35179	1	0	next
Picture	4184	other				12022216	1	43848	1	0	next
Picture	zang_nagl_ki_pain.JPG	other				12066064	1	35179	1	0	next
Picture	rating	miss				12101243	1	167	1	0	next
Picture	1069	other				12131253	1	10837	1	0	next
Picture	2168	other				12142090	1	23841	1	0	next
Picture	spri_uhal_ki_nopa.JPG	other				12165931	1	35179	1	0	next
Picture	rating	miss				12201110	1	167	1	0	next
Picture	1069	other				12231120	1	10837	1	0	next
Picture	4993	other				12241957	1	50350	1	0	next
Picture	face_ch_m.JPG	other				12292307	1	30177	1	0	next
Picture	2238	other				12322484	1	24508	1	0	next
Picture	spri_uzah_ki_nopa.JPG	other				12346992	1	35179	1	0	next
Picture	rating	miss				12382171	1	167	1	0	next
Picture	1531	other				12412181	1	15339	1	0	next
Picture	2133	other				12427519	1	23508	1	0	next
Picture	sage_hand_ki_nopa.JPG	other				12451027	1	35179	1	0	next
Picture	2276	other				12486206	1	24842	1	0	next
Picture	spri_ohrl_ki_pain.JPG	other				12511047	1	35179	1	0	next
Picture	2791	other				12546226	1	30177	1	0	next
Picture	zang_brust_ki_pain.JPG	other				12576403	1	35179	1	0	next
Picture	rating	miss				12611581	1	167	1	0	next
Picture	1531	other				12641591	1	15339	1	0	next
Picture	6911	other				12656930	1	69523	1	0	next
Picture	face_ch_f.JPG	other				12726453	1	30177	1	0	next
Picture	4282	other				12756630	1	45015	1	0	next
Picture	spri_zfin_ki_nopa.JPG	other				12801645	1	35179	1	0	next
Picture	1998	other				12836824	1	21507	1	0	next
Picture	klem_hand_ki_pain.jpg	other				12858331	1	35179	1	0	next
Picture	rating	miss				12893510	1	167	1	0	next
Picture	1079	other				12923520	1	10837	1	0	next
Picture	2000	other				12934357	1	22174	1	0	next
Picture	heat_hand_ki_nopa.JPG	other				12956531	1	35179	1	0	next
Picture	rating	miss				12991709	1	167	1	0	next
Picture	1079	other				13021719	1	10837	1	0	next
Picture	2063	other				13032556	1	22841	1	0	next
Picture	spri_daum_ki_pain.JPG	other				13055397	1	35179	1	0	next
Picture	5601	other				13090576	1	56352	1	0	next
Picture	face_ad_m.JPG	other				13146928	1	30177	1	0	next
Picture	2773	other				13177105	1	30010	1	0	next
Picture	trit_bein_er_pain.JPG	other				13207115	1	35179	1	0	next
Picture	2059	other				13242294	1	22674	1	0	next
Picture	spri_ozah_er_nopa.JPG	other				13264968	1	35012	1	0	next
Picture	2181	other				13299980	1	23841	1	0	next
Picture	reis_hand_er_nopa.JPG	other				13323821	1	35179	1	0	next
Picture	rating	miss				13359000	1	167	1	0	next
Picture	1250	other				13389010	1	12671	1	0	next
Picture	2986	other				13401681	1	31844	1	0	next
Picture	spri_oarm_er_pain.JPG	other				13433525	1	35179	1	0	next
Picture	rating	miss				13468703	1	167	1	0	next
Picture	1250	other				13498713	1	12671	1	0	next
Picture	4904	other				13511384	1	49517	1	0	next
Picture	face_ch_m.JPG	other				13560901	1	30177	1	0	next
Picture	2060	other				13591078	1	22841	1	0	next
Picture	lego_fuss_ki_nopa.JPG	other				13613919	1	35179	1	0	next
Picture	rating	miss				13649097	1	167	1	0	next
Picture	1326	other				13679107	1	13338	1	0	next
Picture	2305	other				13692445	1	25175	1	0	next
Picture	hamm_fing_ki_nopa.JPG	other				13717620	1	35012	1	0	next
Picture	2323	other				13752632	1	25342	1	0	next
Picture	spri_bauc_ki_pain.JPG	other				13777974	1	35179	1	0	next
Picture	rating	miss				13813153	1	167	1	0	next
Picture	1326	other				13843163	1	13338	1	0	next
Picture	3159	other				13856501	1	33845	1	0	next
Picture	zwic_brust_ki_pain.JPG	other				13890345	1	35179	1	0	next
Picture	4014	other				13925524	1	40514	1	0	next
Picture	face_ad_f.JPG	other				13966037	1	30177	1	0	next
Picture	2343	other				13996214	1	25675	1	0	next
Picture	spri_hals_er_nopa.JPG	other				14021890	1	35179	1	0	next
Picture	rating	miss				14057068	1	167	1	0	next
Picture	1517	other				14087078	1	15338	1	0	next
Picture	2368	other				14102417	1	25842	1	0	next
Picture	heel_hand_er_nopa.JPG	other				14128259	1	35179	1	0	next
Picture	2699	other				14163437	1	29177	1	0	next
Picture	spri_marm_er_pain.JPG	other				14192614	1	35179	1	0	next
Picture	2057	other				14227792	1	22674	1	0	next
Picture	zang_fing_er_pain.JPG	other				14250467	1	35179	1	0	next
Picture	rating	miss				14285645	1	167	1	0	next
Picture	1517	other				14315655	1	15338	1	0	next
Picture	4166	other				14330994	1	42014	1	0	next
Picture	face_ad_m.JPG	other				14373008	1	30177	1	0	next
Picture	2114	other				14403185	1	23508	1	0	next
Picture	zang_brust_er_nopa.JPG	other				14426693	1	35179	1	0	next
Picture	rating	miss				14461871	1	167	1	0	next
Picture	1138	other				14491881	1	11504	1	0	next
Picture	2256	other				14503385	1	24675	1	0	next
Picture	spri_ohrl_er_nopa.JPG	other				14528060	1	35179	1	0	next
Picture	3042	other				14563239	1	32511	1	0	next
Picture	spri_uzah_er_pain.JPG	other				14595750	1	35179	1	0	next
Picture	2811	other				14630928	1	30344	1	0	next
Picture	sage_hand_er_pain.JPG	other				14661272	1	35179	1	0	next
Picture	rating	miss				14696450	1	167	1	0	next
Picture	1138	other				14726460	1	11504	1	0	next
Picture	4310	other				14737964	1	43515	1	0	next
Picture	face_ad_f.JPG	other				14781479	1	30177	1	0	next
Picture	2725	other				14811656	1	28843	1	0	next
Picture	klem_hand_er_nopa.jpg	other				14840499	1	35179	1	0	next
Picture	rating	miss				14875677	1	167	1	0	next
Picture	1334	other				14905687	1	13505	1	0	next
Picture	2423	other				14919192	1	26175	1	0	next
Picture	heat_hand_er_pain.JPG	other				14945367	1	35009	16	0	next
Picture	2686	other				14980376	16	29013	16	0	next
Picture	spri_zfin_er_pain.JPG	other				15009389	1	35179	1	0	next
Picture	rating	miss				15044567	1	167	1	0	next
Picture	1334	other				15074577	1	13505	1	0	next
Picture	1998	other				15088082	1	22007	1	0	next
Picture	spri_daum_er_nopa.JPG	other				15110089	1	35179	1	0	next
Picture	4653	other				15145268	1	46849	1	0	next
Picture	face_ad_m.JPG	other				15192117	1	30177	1	0	next
Picture	2476	other				15222294	1	26842	1	0	next
Picture	hamm_fing_er_pain.JPG	other				15249136	1	35012	1	0	next
Picture	2422	other				15284148	1	26509	1	0	next
Picture	zwic_brust_er_nopa.JPG	other				15310657	1	35179	1	0	next
Picture	rating	miss				15345836	1	167	1	0	next
Picture	1337	other				15375846	1	13505	1	0	next
Picture	2008	other				15389350	1	22174	1	0	next
Picture	spri_bauc_er_nopa.JPG	other				15411524	1	35179	1	0	next
Picture	2921	other				15446703	1	31341	7	0	next
Picture	lego_fuss_er_pain.JPG	other				15478044	7	35015	7	0	next
Picture	rating	miss				15513059	1	167	1	0	next
Picture	1337	other				15543235	1	13505	1	0	next
Picture	4139	other				15556740	1	41847	1	0	next
Picture	face_ad_f.JPG	other				15598587	1	30177	1	0	next
Picture	2247	other				15628764	1	24675	1	0	next
Picture	heel_fuss_er_nopa.JPG	other				15653439	1	35179	1	0	next
Picture	rating	miss				15688618	1	167	1	0	next
Picture	1138	other				15718628	1	11504	1	0	next
Picture	3354	other				15730132	1	35679	1	0	next
Picture	spri_uhal_er_pain.JPG	other				15765810	1	35179	1	0	next
Picture	rating	miss				15800989	1	167	1	0	next
Picture	1138	other				15830999	1	11504	1	0	next
Picture	2177	other				15842503	1	23841	1	0	next
Picture	zang_nagl_er_nopa.JPG	other				15866344	1	35012	1	0	next
Picture	2446	other				15901356	1	26676	1	0	next
Picture	spri_wund_er_pain.JPG	other				15928032	1	35012	1	0	next
Picture	4320	other				15963043	1	43681	1	0	next
Picture	face_ch_m.JPG	other				16006725	1	30177	1	0	next
Picture	2330	other				16036902	1	25509	1	0	next
Picture	spri_ozah_ki_pain.JPG	other				16062410	1	35179	1	0	next
Picture	rating	miss				16097589	1	167	1	0	next
Picture	1199	other				16127599	1	12004	1	0	next
Picture	2144	other				16139603	1	23508	1	0	next
Picture	reis_hand_ki_pain.JPG	other				16163111	1	35012	1	0	next
Picture	2132	other				16198123	1	23508	1	0	next
Picture	spri_oarm_ki_nopa.JPG	other				16221631	1	35179	1	0	next
Picture	rating	miss				16256809	1	167	1	0	next
Picture	1199	other				16286819	1	11999	8	0	next
Picture	3497	other				16298818	8	37185	8	0	next
Picture	trit_bein_ki_nopa.JPG	other				16336002	1	35012	1	0	next
Picture	4891	other				16371014	1	49350	1	0	next
Picture	face_ch_f.JPG	other				16420364	1	30177	1	0	next
Picture	2316	other				16450541	1	25342	1	0	next
Picture	zang_fing_ki_nopa.JPG	other				16475883	1	35179	1	0	next
Picture	rating	miss				16511061	1	167	1	0	next
Picture	1164	other				16541071	1	11671	1	0	next
Picture	2056	other				16552742	1	22841	1	0	next
Picture	heel_hand_ki_pain.JPG	other				16575583	1	35179	1	0	next
Picture	rating	miss				16610762	1	167	1	0	next
Picture	1164	other				16640772	1	11671	1	0	next
Picture	3424	other				16652442	1	36346	1	0	next
Picture	spri_hals_ki_pain.JPG	other				16688788	1	35179	1	0	next
Picture	2376	other				16723966	1	25842	1	0	next
Picture	spri_marm_ki_nopa.JPG	other				16749808	1	35179	1	0	next
Picture	4677	other				16784987	1	46849	1	0	next
Picture	finish	other				16831836	1	187240	1	0	next


{
   "app": "Presentation Version 19.0 Build 02.27.17",
   "device": "LENOVO 80UD",
   "experiment": "{AE86245B-50EE-4749-8AE0-3D9BD4B88867}",
   "os": "Windows 10 64 bit",
   "package": "",
   "parameters": {
      "configuration": "Default configuration"
   },
   "scenario": "pain-task.sce",
   "subject": "00XAM9",
   "timestamp": "2020/02/19 10:15:56 GMT"
}
